#
# A fatal error has been detected by the Java Runtime Environment:
#
#  SIGSEGV (0xb) at pc=0x00007fff90fb3097, pid=15205, tid=3335
#
# JRE version: Java(TM) SE Runtime Environment (8.0-b132) (build 1.8.0-b132)
# Java VM: Java HotSpot(TM) 64-Bit Server VM (25.0-b70 mixed mode bsd-amd64 compressed oops)
# Problematic frame:
# C  [libobjc.A.dylib+0x5097]  objc_msgSend+0x17
#
# Failed to write core dump. Core dumps have been disabled. To enable core dumping, try "ulimit -c unlimited" before starting Java again
#
# If you would like to submit a bug report, please visit:
#   http://bugreport.sun.com/bugreport/crash.jsp
# The crash happened outside the Java Virtual Machine in native code.
# See problematic frame for where to report the bug.
#

---------------  T H R E A D  ---------------

Current thread (0x00007f83e4868000):  JavaThread "AppKit Thread" daemon [_thread_in_native, id=3335, stack(0x00007fff58faf000,0x00007fff597af000)]

siginfo:si_signo=SIGSEGV: si_errno=0, si_code=0 (SEGV0), si_addr=0x0000000000000000

Registers:
RAX=0x00007f83e3e6d2d0, RBX=0x00000000000f42ec, RCX=0x0000000000000000, RDX=0x00007f83e3d369a0
RSP=0x00007fff597a9c78, RBP=0x00007fff597a9c80, RSI=0x00007fff95e20b9f, RDI=0x00007f83e3e6d2d0
R8 =0x0000000000000040, R9 =0x00007fff597a9c00, R10=0x00007fff95e20b9f, R11=0x500007f83e3e70cb
R12=0x00000000000f42ec, R13=0x00007fff597a9e48, R14=0x00007f83e3fe3790, R15=0x00007fff597a9da8
RIP=0x00007fff90fb3097, EFLAGS=0x0000000000010246, ERR=0x0000000000000000
  TRAPNO=0x000000000000000d

Top of Stack: (sp=0x00007fff597a9c78)
0x00007fff597a9c78:   00007fff9611ee0c 00007fff597a9fe0
0x00007fff597a9c88:   00007fff96012a6d 00007fff597a9d70
0x00007fff597a9c98:   00007fff97aff6ca 00007fff597a9ce0
0x00007fff597a9ca8:   00007fff97afefa9 0000000000000798
0x00007fff597a9cb8:   00000000000f42ee 0000000000000002
0x00007fff597a9cc8:   00007f83e3f8d9f0 00007f83e3f8cba0
0x00007fff597a9cd8:   00007f83e3e04a20 00007f83e3d369a0
0x00007fff597a9ce8:   00007fff597a9da0 0000000000000000
0x00007fff597a9cf8:   00000000000f42ec 0000000000000051
0x00007fff597a9d08:   00007fff597a9e20 0000000000000000
0x00007fff597a9d18:   0000000000000001 00007f83e3e04a10
0x00007fff597a9d28:   000000000000004f 0000000000130474
0x00007fff597a9d38:   0000010000000000 00007fff7cbe3a60
0x00007fff597a9d48:   00002060001c16ea 00007fff597a9ea0
0x00007fff597a9d58:   0000000000000000 00007fff597a9e38
0x00007fff597a9d68:   00007fff597a9e18 00007fff7cbe3a48
0x00007fff597a9d78:   0000000000000000 0000000000000018
0x00007fff597a9d88:   00007fff981c16ea 00007fff7cdc7d38
0x00007fff597a9d98:   0000000000000000 00007f83e3f8da70
0x00007fff597a9da8:   00007f83e3fe3790 00007fff9035db08
0x00007fff597a9db8:   0000000000000000 00007fff597a9e80
0x00007fff597a9dc8:   00007fff9510fdde 00007fff7bac10d0
0x00007fff597a9dd8:   0000000042000000 00007fff951181d1
0x00007fff597a9de8:   00007fff7cbbfb40 00007fff597a9ee8
0x00007fff597a9df8:   00007fff597a9e18 00007fff597a9e38
0x00007fff597a9e08:   0000000000000000 000000010646a001
0x00007fff597a9e18:   0000000000000000 000000000000004d
0x00007fff597a9e28:   0000000000000000 00000000000f42e4
0x00007fff597a9e38:   000000000000004f 0000000000000000
0x00007fff597a9e48:   00000000000f42ec 00000001597a9ef0
0x00007fff597a9e58:   00007fff981c2261 00007fff7c43e748
0x00007fff597a9e68:   00007fff7c43e74c 000000007c43a1b8 

Instructions: (pc=0x00007fff90fb3097)
0x00007fff90fb3077:   90 90 90 90 90 90 90 90 90 48 85 ff 2e 74 72 40
0x00007fff90fb3087:   f6 c7 01 2e 0f 85 7e 00 00 00 4c 8b 1f 49 89 f2
0x00007fff90fb3097:   45 23 53 18 49 c1 e2 04 4d 03 53 10 49 3b 32 75
0x00007fff90fb30a7:   04 41 ff 62 08 49 83 3a 00 74 74 4d 3b 53 10 74 

Register to memory mapping:

RAX=0x00007f83e3e6d2d0 is an unknown value
RBX=0x00000000000f42ec is an unknown value
RCX=0x0000000000000000 is an unknown value
RDX=0x00007f83e3d369a0 is an unknown value
RSP=0x00007fff597a9c78 is pointing into the stack for thread: 0x00007f83e4868000
RBP=0x00007fff597a9c80 is pointing into the stack for thread: 0x00007f83e4868000
RSI=0x00007fff95e20b9f: NSAppKitVersionNumber+0x5358f in /System/Library/Frameworks/AppKit.framework/Versions/C/AppKit at 0x00007fff9537d000
RDI=0x00007f83e3e6d2d0 is an unknown value
R8 =0x0000000000000040 is an unknown value
R9 =0x00007fff597a9c00 is pointing into the stack for thread: 0x00007f83e4868000
R10=0x00007fff95e20b9f: NSAppKitVersionNumber+0x5358f in /System/Library/Frameworks/AppKit.framework/Versions/C/AppKit at 0x00007fff9537d000
R11=0x500007f83e3e70cb is an unknown value
R12=0x00000000000f42ec is an unknown value
R13=0x00007fff597a9e48 is pointing into the stack for thread: 0x00007f83e4868000
R14=0x00007f83e3fe3790 is an unknown value
R15=0x00007fff597a9da8 is pointing into the stack for thread: 0x00007f83e4868000


Stack: [0x00007fff58faf000,0x00007fff597af000],  sp=0x00007fff597a9c78,  free space=8171k
Native frames: (J=compiled Java code, j=interpreted, Vv=VM code, C=native code)
C  [libobjc.A.dylib+0x5097]  objc_msgSend+0x17
C  [CoreFoundation+0x10a6d]  _CFXNotificationPost+0xb4d
C  [Foundation+0x27ba]  -[NSNotificationCenter postNotificationName:object:userInfo:]+0x44
C  [AppKit+0x10f719]  -[NSSurface _disposeSurface]+0x98
C  [AppKit+0x10f1b5]  -[NSSurface setWindow:]+0x46
C  [AppKit+0x3b0b7]  -[NSView _setWindow:]+0x8ea
C  [AppKit+0x3c10a]  -[NSView removeFromSuperview]+0x15e
C  [AppKit+0x98889]  -[NSView removeFromSuperviewWithoutNeedingDisplay]+0x26
C  [liblwjgl.dylib+0x9c3e]  +[MacOSXKeyableWindow destroyWindow]+0xde
C  [Foundation+0x6313e]  __NSThreadPerformPerform+0xe5
C  [CoreFoundation+0x7f731]  __CFRUNLOOP_IS_CALLING_OUT_TO_A_SOURCE0_PERFORM_FUNCTION__+0x11
C  [CoreFoundation+0x70ea2]  __CFRunLoopDoSources0+0xf2
C  [CoreFoundation+0x7062f]  __CFRunLoopRun+0x33f
C  [CoreFoundation+0x700b5]  CFRunLoopRunSpecific+0x135
C  [HIToolbox+0x2ea0d]  RunCurrentEventLoopInMode+0xe2
C  [HIToolbox+0x2e7b7]  ReceiveNextEventCommon+0x1df
C  [HIToolbox+0x2e5bc]  _BlockUntilNextEventMatchingListInModeWithFilter+0x41
C  [AppKit+0x243de]  _DPSNextEvent+0x59a
C  [AppKit+0x23a2b]  -[NSApplication nextEventMatchingMask:untilDate:inMode:dequeue:]+0x7a
C  [libosxapp.dylib+0x16d4]  -[NSApplicationAWT nextEventMatchingMask:untilDate:inMode:dequeue:]+0x7c
C  [AppKit+0x17b2c]  -[NSApplication run]+0x229
C  [libosxapp.dylib+0x14e8]  +[NSApplicationAWT runAWTLoopWithApp:]+0x9c
C  [libawt_lwawt.dylib+0x43afb]  -[AWTStarter starter:]+0x369
C  [Foundation+0x6313e]  __NSThreadPerformPerform+0xe5
C  [CoreFoundation+0x7f731]  __CFRUNLOOP_IS_CALLING_OUT_TO_A_SOURCE0_PERFORM_FUNCTION__+0x11
C  [CoreFoundation+0x70ea2]  __CFRunLoopDoSources0+0xf2
C  [CoreFoundation+0x7062f]  __CFRunLoopRun+0x33f
C  [CoreFoundation+0x700b5]  CFRunLoopRunSpecific+0x135
C  [java+0x56db]  CreateExecutionEnvironment+0x367
C  [java+0x167c]  JLI_Launch+0x7a0
C  [java+0x7699]  main+0x65
C  [java+0xed4]  start+0x34


---------------  P R O C E S S  ---------------

Java Threads: ( => current thread )
  0x00007f83e5994800 JavaThread "AWT-Shutdown" [_thread_blocked, id=26647, stack(0x000000011db59000,0x000000011dc59000)]
  0x00007f83e4156800 JavaThread "DestroyJavaVM" [_thread_blocked, id=6403, stack(0x0000000107cc0000,0x0000000107dc0000)]
  0x00007f83e4155800 JavaThread "LWJGL Application" [_thread_in_native, id=63235, stack(0x0000000120833000,0x0000000120933000)]
=>0x00007f83e4868000 JavaThread "AppKit Thread" daemon [_thread_in_native, id=3335, stack(0x00007fff58faf000,0x00007fff597af000)]
  0x00007f83e4031000 JavaThread "Service Thread" daemon [_thread_blocked, id=19971, stack(0x000000011be6c000,0x000000011bf6c000)]
  0x00007f83e5823800 JavaThread "C1 CompilerThread2" daemon [_thread_blocked, id=19459, stack(0x000000011bd69000,0x000000011be69000)]
  0x00007f83e5823000 JavaThread "C2 CompilerThread1" daemon [_thread_blocked, id=18947, stack(0x000000011bc66000,0x000000011bd66000)]
  0x00007f83e5819000 JavaThread "C2 CompilerThread0" daemon [_thread_blocked, id=18435, stack(0x000000011bb63000,0x000000011bc63000)]
  0x00007f83e4058000 JavaThread "Signal Dispatcher" daemon [_thread_blocked, id=17923, stack(0x000000011ba60000,0x000000011bb60000)]
  0x00007f83e4802800 JavaThread "Finalizer" daemon [_thread_blocked, id=12547, stack(0x000000011b78e000,0x000000011b88e000)]
  0x00007f83e5006800 JavaThread "Reference Handler" daemon [_thread_blocked, id=12035, stack(0x000000011b68b000,0x000000011b78b000)]

Other Threads:
  0x00007f83e4057800 VMThread [stack: 0x000000011b588000,0x000000011b688000] [id=11523]
  0x00007f83e500d000 WatcherThread [stack: 0x000000011bf6f000,0x000000011c06f000] [id=20483]

VM state:not at safepoint (normal execution)

VM Mutex/Monitor currently owned by a thread: None

Heap:
 PSYoungGen      total 4096K, used 2790K [0x00000007aab00000, 0x00000007ab080000, 0x00000007c0000000)
  eden space 3072K, 90% used [0x00000007aab00000,0x00000007aadb9810,0x00000007aae00000)
  from space 1024K, 0% used [0x00000007aaf00000,0x00000007aaf00000,0x00000007ab000000)
  to   space 1024K, 0% used [0x00000007aae00000,0x00000007aae00000,0x00000007aaf00000)
 ParOldGen       total 64000K, used 2875K [0x0000000780000000, 0x0000000783e80000, 0x00000007aab00000)
  object space 64000K, 4% used [0x0000000780000000,0x00000007802ceee0,0x0000000783e80000)
 Metaspace       used 6995K, capacity 7115K, committed 7168K, reserved 1056768K
  class space    used 678K, capacity 720K, committed 768K, reserved 1048576K

Card table byte_map: [0x0000000117182000,0x0000000117383000] byte_map_base: 0x0000000113582000

Marking Bits: (ParMarkBitMap*) 0x00000001076660a0
 Begin Bits: [0x00000001178e5000, 0x00000001188e5000)
 End Bits:   [0x00000001188e5000, 0x00000001198e5000)

Polling page: 0x00000001065a7000

CodeCache: size=245760Kb used=3262Kb max_used=3277Kb free=242497Kb
 bounds [0x0000000107dc2000, 0x0000000108102000, 0x0000000116dc2000]
 total_blobs=1106 nmethods=697 adapters=325
 compilation: enabled

Compilation events (10 events):
Event: 10.287 Thread 0x00007f83e5823800  696       1       java.util.jar.Manifest::getEntries (5 bytes)
Event: 10.288 Thread 0x00007f83e5823800 nmethod 696 0x00000001080f0a50 code [0x00000001080f0ba0, 0x00000001080f0cb0]
Event: 10.288 Thread 0x00007f83e5823800  697       1       java.util.jar.Manifest::getMainAttributes (5 bytes)
Event: 10.288 Thread 0x00007f83e5823800 nmethod 697 0x00000001080f0d10 code [0x00000001080f0e60, 0x00000001080f0f70]
Event: 10.288 Thread 0x00007f83e5823800  698       3       java.util.Vector::elementData (7 bytes)
Event: 10.288 Thread 0x00007f83e5823800 nmethod 698 0x00000001080f0fd0 code [0x00000001080f1120, 0x00000001080f1290]
Event: 10.291 Thread 0x00007f83e5819000  699       4       sun.net.www.ParseUtil::encodePath (336 bytes)
Event: 10.292 Thread 0x00007f83e5823000  700       4       java.nio.DirectByteBuffer::put (18 bytes)
Event: 10.293 Thread 0x00007f83e5823000 nmethod 700 0x00000001080f4010 code [0x00000001080f4140, 0x00000001080f41d8]
Event: 10.314 Thread 0x00007f83e5819000 nmethod 699 0x00000001080f6c10 code [0x00000001080f6e60, 0x00000001080f80a8]

GC Heap History (10 events):
Event: 1.573 GC heap before
{Heap before GC invocations=8 (full 0):
 PSYoungGen      total 2048K, used 1491K [0x00000007aab00000, 0x00000007aaf00000, 0x00000007c0000000)
  eden space 1024K, 100% used [0x00000007aab00000,0x00000007aac00000,0x00000007aac00000)
  from space 1024K, 45% used [0x00000007aac00000,0x00000007aac74d20,0x00000007aad00000)
  to   space 1024K, 0% used [0x00000007aae00000,0x00000007aae00000,0x00000007aaf00000)
 ParOldGen       total 64000K, used 764K [0x0000000780000000, 0x0000000783e80000, 0x00000007aab00000)
  object space 64000K, 1% used [0x0000000780000000,0x00000007800bf220,0x0000000783e80000)
 Metaspace       used 4667K, capacity 5216K, committed 5504K, reserved 1056768K
  class space    used 514K, capacity 528K, committed 640K, reserved 1048576K
Event: 1.574 GC heap after
Heap after GC invocations=8 (full 0):
 PSYoungGen      total 3072K, used 571K [0x00000007aab00000, 0x00000007aaf00000, 0x00000007c0000000)
  eden space 2048K, 0% used [0x00000007aab00000,0x00000007aab00000,0x00000007aad00000)
  from space 1024K, 55% used [0x00000007aae00000,0x00000007aae8efb0,0x00000007aaf00000)
  to   space 1024K, 0% used [0x00000007aad00000,0x00000007aad00000,0x00000007aae00000)
 ParOldGen       total 64000K, used 828K [0x0000000780000000, 0x0000000783e80000, 0x00000007aab00000)
  object space 64000K, 1% used [0x0000000780000000,0x00000007800cf220,0x0000000783e80000)
 Metaspace       used 4667K, capacity 5216K, committed 5504K, reserved 1056768K
  class space    used 514K, capacity 528K, committed 640K, reserved 1048576K
}
Event: 1.751 GC heap before
{Heap before GC invocations=9 (full 0):
 PSYoungGen      total 3072K, used 2619K [0x00000007aab00000, 0x00000007aaf00000, 0x00000007c0000000)
  eden space 2048K, 100% used [0x00000007aab00000,0x00000007aad00000,0x00000007aad00000)
  from space 1024K, 55% used [0x00000007aae00000,0x00000007aae8efb0,0x00000007aaf00000)
  to   space 1024K, 0% used [0x00000007aad00000,0x00000007aad00000,0x00000007aae00000)
 ParOldGen       total 64000K, used 828K [0x0000000780000000, 0x0000000783e80000, 0x00000007aab00000)
  object space 64000K, 1% used [0x0000000780000000,0x00000007800cf220,0x0000000783e80000)
 Metaspace       used 5571K, capacity 5851K, committed 6016K, reserved 1056768K
  class space    used 580K, capacity 624K, committed 640K, reserved 1048576K
Event: 1.753 GC heap after
Heap after GC invocations=9 (full 0):
 PSYoungGen      total 3072K, used 544K [0x00000007aab00000, 0x00000007ab080000, 0x00000007c0000000)
  eden space 2048K, 0% used [0x00000007aab00000,0x00000007aab00000,0x00000007aad00000)
  from space 1024K, 53% used [0x00000007aad00000,0x00000007aad88000,0x00000007aae00000)
  to   space 1024K, 0% used [0x00000007aaf80000,0x00000007aaf80000,0x00000007ab080000)
 ParOldGen       total 64000K, used 996K [0x0000000780000000, 0x0000000783e80000, 0x00000007aab00000)
  object space 64000K, 1% used [0x0000000780000000,0x00000007800f9230,0x0000000783e80000)
 Metaspace       used 5571K, capacity 5851K, committed 6016K, reserved 1056768K
  class space    used 580K, capacity 624K, committed 640K, reserved 1048576K
}
Event: 1.959 GC heap before
{Heap before GC invocations=10 (full 0):
 PSYoungGen      total 3072K, used 2589K [0x00000007aab00000, 0x00000007ab080000, 0x00000007c0000000)
  eden space 2048K, 99% used [0x00000007aab00000,0x00000007aacff488,0x00000007aad00000)
  from space 1024K, 53% used [0x00000007aad00000,0x00000007aad88000,0x00000007aae00000)
  to   space 1024K, 0% used [0x00000007aaf80000,0x00000007aaf80000,0x00000007ab080000)
 ParOldGen       total 64000K, used 996K [0x0000000780000000, 0x0000000783e80000, 0x00000007aab00000)
  object space 64000K, 1% used [0x0000000780000000,0x00000007800f9230,0x0000000783e80000)
 Metaspace       used 6252K, capacity 6347K, committed 6656K, reserved 1056768K
  class space    used 626K, capacity 656K, committed 768K, reserved 1048576K
Event: 1.961 GC heap after
Heap after GC invocations=10 (full 0):
 PSYoungGen      total 3072K, used 814K [0x00000007aab00000, 0x00000007ab080000, 0x00000007c0000000)
  eden space 2048K, 0% used [0x00000007aab00000,0x00000007aab00000,0x00000007aad00000)
  from space 1024K, 79% used [0x00000007aaf80000,0x00000007ab04bbc0,0x00000007ab080000)
  to   space 1024K, 0% used [0x00000007aad00000,0x00000007aad00000,0x00000007aae00000)
 ParOldGen       total 64000K, used 1172K [0x0000000780000000, 0x0000000783e80000, 0x00000007aab00000)
  object space 64000K, 1% used [0x0000000780000000,0x0000000780125240,0x0000000783e80000)
 Metaspace       used 6252K, capacity 6347K, committed 6656K, reserved 1056768K
  class space    used 626K, capacity 656K, committed 768K, reserved 1048576K
}
Event: 2.238 GC heap before
{Heap before GC invocations=11 (full 0):
 PSYoungGen      total 3072K, used 2812K [0x00000007aab00000, 0x00000007ab080000, 0x00000007c0000000)
  eden space 2048K, 97% used [0x00000007aab00000,0x00000007aacf34b8,0x00000007aad00000)
  from space 1024K, 79% used [0x00000007aaf80000,0x00000007ab04bbc0,0x00000007ab080000)
  to   space 1024K, 0% used [0x00000007aad00000,0x00000007aad00000,0x00000007aae00000)
 ParOldGen       total 64000K, used 1172K [0x0000000780000000, 0x0000000783e80000, 0x00000007aab00000)
  object space 64000K, 1% used [0x0000000780000000,0x0000000780125240,0x0000000783e80000)
 Metaspace       used 6366K, capacity 6475K, committed 6656K, reserved 1056768K
  class space    used 633K, capacity 656K, committed 768K, reserved 1048576K
Event: 2.259 GC heap after
Heap after GC invocations=11 (full 0):
 PSYoungGen      total 3072K, used 640K [0x00000007aab00000, 0x00000007ab000000, 0x00000007c0000000)
  eden space 2048K, 0% used [0x00000007aab00000,0x00000007aab00000,0x00000007aad00000)
  from space 1024K, 62% used [0x00000007aad00000,0x00000007aada0020,0x00000007aae00000)
  to   space 1024K, 0% used [0x00000007aaf00000,0x00000007aaf00000,0x00000007ab000000)
 ParOldGen       total 64000K, used 1531K [0x0000000780000000, 0x0000000783e80000, 0x00000007aab00000)
  object space 64000K, 2% used [0x0000000780000000,0x000000078017eec0,0x0000000783e80000)
 Metaspace       used 6366K, capacity 6475K, committed 6656K, reserved 1056768K
  class space    used 633K, capacity 656K, committed 768K, reserved 1048576K
}
Event: 2.319 GC heap before
{Heap before GC invocations=12 (full 0):
 PSYoungGen      total 3072K, used 2194K [0x00000007aab00000, 0x00000007ab000000, 0x00000007c0000000)
  eden space 2048K, 75% used [0x00000007aab00000,0x00000007aac84840,0x00000007aad00000)
  from space 1024K, 62% used [0x00000007aad00000,0x00000007aada0020,0x00000007aae00000)
  to   space 1024K, 0% used [0x00000007aaf00000,0x00000007aaf00000,0x00000007ab000000)
 ParOldGen       total 64000K, used 1531K [0x0000000780000000, 0x0000000783e80000, 0x00000007aab00000)
  object space 64000K, 2% used [0x0000000780000000,0x000000078017eec0,0x0000000783e80000)
 Metaspace       used 6367K, capacity 6475K, committed 6656K, reserved 1056768K
  class space    used 633K, capacity 656K, committed 768K, reserved 1048576K
Event: 2.321 GC heap after
Heap after GC invocations=12 (full 0):
 PSYoungGen      total 4096K, used 0K [0x00000007aab00000, 0x00000007ab080000, 0x00000007c0000000)
  eden space 3072K, 0% used [0x00000007aab00000,0x00000007aab00000,0x00000007aae00000)
  from space 1024K, 0% used [0x00000007aaf00000,0x00000007aaf00000,0x00000007ab000000)
  to   space 1024K, 0% used [0x00000007aae00000,0x00000007aae00000,0x00000007aaf00000)
 ParOldGen       total 64000K, used 2875K [0x0000000780000000, 0x0000000783e80000, 0x00000007aab00000)
  object space 64000K, 4% used [0x0000000780000000,0x00000007802ceee0,0x0000000783e80000)
 Metaspace       used 6367K, capacity 6475K, committed 6656K, reserved 1056768K
  class space    used 633K, capacity 656K, committed 768K, reserved 1048576K
}

Deoptimization events (0 events):
No events

Internal exceptions (10 events):
Event: 2.459 Thread 0x00007f83e4155800 Exception <a 'java/security/PrivilegedActionException'> (0x00000007aad4a648) thrown at [/HUDSON/workspace/8-2-build-macosx-x86_64/jdk8/2238/hotspot/src/share/vm/prims/jvm.cpp, line 1248]
Event: 2.460 Thread 0x00007f83e4155800 Exception <a 'java/security/PrivilegedActionException'> (0x00000007aad50930) thrown at [/HUDSON/workspace/8-2-build-macosx-x86_64/jdk8/2238/hotspot/src/share/vm/prims/jvm.cpp, line 1248]
Event: 2.464 Thread 0x00007f83e4155800 Exception <a 'java/security/PrivilegedActionException'> (0x00000007aad5d048) thrown at [/HUDSON/workspace/8-2-build-macosx-x86_64/jdk8/2238/hotspot/src/share/vm/prims/jvm.cpp, line 1248]
Event: 2.464 Thread 0x00007f83e4155800 Exception <a 'java/security/PrivilegedActionException'> (0x00000007aad63888) thrown at [/HUDSON/workspace/8-2-build-macosx-x86_64/jdk8/2238/hotspot/src/share/vm/prims/jvm.cpp, line 1248]
Event: 2.477 Thread 0x00007f83e4155800 Exception <a 'java/security/PrivilegedActionException'> (0x00000007aad68d28) thrown at [/HUDSON/workspace/8-2-build-macosx-x86_64/jdk8/2238/hotspot/src/share/vm/prims/jvm.cpp, line 1248]
Event: 2.478 Thread 0x00007f83e4155800 Exception <a 'java/security/PrivilegedActionException'> (0x00000007aad6f710) thrown at [/HUDSON/workspace/8-2-build-macosx-x86_64/jdk8/2238/hotspot/src/share/vm/prims/jvm.cpp, line 1248]
Event: 10.286 Thread 0x00007f83e4155800 Exception <a 'java/security/PrivilegedActionException'> (0x00000007aad9e8b8) thrown at [/HUDSON/workspace/8-2-build-macosx-x86_64/jdk8/2238/hotspot/src/share/vm/prims/jvm.cpp, line 1248]
Event: 10.287 Thread 0x00007f83e4155800 Exception <a 'java/security/PrivilegedActionException'> (0x00000007aada4c00) thrown at [/HUDSON/workspace/8-2-build-macosx-x86_64/jdk8/2238/hotspot/src/share/vm/prims/jvm.cpp, line 1248]
Event: 10.287 Thread 0x00007f83e4155800 Exception <a 'java/security/PrivilegedActionException'> (0x00000007aadaaf48) thrown at [/HUDSON/workspace/8-2-build-macosx-x86_64/jdk8/2238/hotspot/src/share/vm/prims/jvm.cpp, line 1248]
Event: 10.291 Thread 0x00007f83e4155800 Exception <a 'java/security/PrivilegedActionException'> (0x00000007aadb1898) thrown at [/HUDSON/workspace/8-2-build-macosx-x86_64/jdk8/2238/hotspot/src/share/vm/prims/jvm.cpp, line 1248]

Events (10 events):
Event: 10.286 loading class com/badlogic/gdx/backends/lwjgl/LwjglApplication$2
Event: 10.286 loading class com/badlogic/gdx/backends/lwjgl/LwjglApplication$2 done
Event: 10.287 loading class com/badlogic/gdx/utils/Array$ArrayIterable
Event: 10.287 loading class com/badlogic/gdx/utils/Array$ArrayIterable done
Event: 10.287 loading class com/badlogic/gdx/utils/Array$ArrayIterator
Event: 10.287 loading class com/badlogic/gdx/utils/Array$ArrayIterator done
Event: 10.288 loading class java/util/NoSuchElementException
Event: 10.288 loading class java/util/NoSuchElementException done
Event: 10.291 loading class org/lwjgl/opengl/CallbackUtil
Event: 10.291 loading class org/lwjgl/opengl/CallbackUtil done


Dynamic libraries:
0x000000000ae5c000 	/System/Library/Frameworks/Cocoa.framework/Versions/A/Cocoa
0x000000000ae5c000 	/System/Library/Frameworks/Security.framework/Versions/A/Security
0x000000000ae5c000 	/System/Library/Frameworks/ApplicationServices.framework/Versions/A/ApplicationServices
0x000000000ae5c000 	/usr/lib/libz.1.dylib
0x000000000ae5c000 	/usr/lib/libSystem.B.dylib
0x000000000ae5c000 	/usr/lib/libobjc.A.dylib
0x000000000ae5c000 	/System/Library/Frameworks/CoreFoundation.framework/Versions/A/CoreFoundation
0x000000000ae5c000 	/System/Library/Frameworks/Foundation.framework/Versions/C/Foundation
0x000000000ae5c000 	/System/Library/Frameworks/AppKit.framework/Versions/C/AppKit
0x000000000ae5c000 	/System/Library/Frameworks/CoreData.framework/Versions/A/CoreData
0x000000000ae5c000 	/System/Library/PrivateFrameworks/RemoteViewServices.framework/Versions/A/RemoteViewServices
0x000000000ae5c000 	/System/Library/Frameworks/AudioToolbox.framework/Versions/A/AudioToolbox
0x000000000ae5c000 	/System/Library/Frameworks/AudioUnit.framework/Versions/A/AudioUnit
0x000000000ae5c000 	/System/Library/PrivateFrameworks/DataDetectorsCore.framework/Versions/A/DataDetectorsCore
0x000000000ae5c000 	/System/Library/PrivateFrameworks/DesktopServicesPriv.framework/Versions/A/DesktopServicesPriv
0x000000000ae5c000 	/System/Library/Frameworks/Carbon.framework/Versions/A/Frameworks/HIToolbox.framework/Versions/A/HIToolbox
0x000000000ae5c000 	/System/Library/Frameworks/QuartzCore.framework/Versions/A/QuartzCore
0x000000000ae5c000 	/System/Library/Frameworks/Carbon.framework/Versions/A/Frameworks/SpeechRecognition.framework/Versions/A/SpeechRecognition
0x000000000ae5c000 	/usr/lib/libauto.dylib
0x000000000ae5c000 	/usr/lib/libicucore.A.dylib
0x000000000ae5c000 	/usr/lib/libxml2.2.dylib
0x000000000ae5c000 	/System/Library/PrivateFrameworks/CoreUI.framework/Versions/A/CoreUI
0x000000000ae5c000 	/System/Library/Frameworks/CoreAudio.framework/Versions/A/CoreAudio
0x000000000ae5c000 	/System/Library/Frameworks/DiskArbitration.framework/Versions/A/DiskArbitration
0x000000000ae5c000 	/usr/lib/liblangid.dylib
0x000000000ae5c000 	/System/Library/PrivateFrameworks/MultitouchSupport.framework/Versions/A/MultitouchSupport
0x000000000ae5c000 	/System/Library/Frameworks/IOKit.framework/Versions/A/IOKit
0x000000000ae5c000 	/usr/lib/libDiagnosticMessagesClient.dylib
0x000000000ae5c000 	/System/Library/Frameworks/CoreServices.framework/Versions/A/CoreServices
0x000000000ae5c000 	/System/Library/PrivateFrameworks/PerformanceAnalysis.framework/Versions/A/PerformanceAnalysis
0x000000000ae5c000 	/System/Library/PrivateFrameworks/GenerationalStorage.framework/Versions/A/GenerationalStorage
0x000000000ae5c000 	/System/Library/Frameworks/OpenGL.framework/Versions/A/OpenGL
0x000000000ae5c000 	/System/Library/PrivateFrameworks/Sharing.framework/Versions/A/Sharing
0x000000000ae5c000 	/System/Library/Frameworks/ImageIO.framework/Versions/A/ImageIO
0x000000000ae5c000 	/System/Library/Frameworks/CoreText.framework/Versions/A/CoreText
0x000000000ae5c000 	/System/Library/Frameworks/CoreGraphics.framework/Versions/A/CoreGraphics
0x000000000ae5c000 	/System/Library/PrivateFrameworks/Backup.framework/Versions/A/Backup
0x000000000ae5c000 	/System/Library/Frameworks/CFNetwork.framework/Versions/A/CFNetwork
0x000000000ae5c000 	/System/Library/Frameworks/SystemConfiguration.framework/Versions/A/SystemConfiguration
0x000000000ae5c000 	/usr/lib/libCRFSuite.dylib
0x000000000ae5c000 	/usr/lib/libc++.1.dylib
0x000000000ae5c000 	/usr/lib/libc++abi.dylib
0x000000000ae5c000 	/usr/lib/system/libcache.dylib
0x000000000ae5c000 	/usr/lib/system/libcommonCrypto.dylib
0x000000000ae5c000 	/usr/lib/system/libcompiler_rt.dylib
0x000000000ae5c000 	/usr/lib/system/libcopyfile.dylib
0x000000000ae5c000 	/usr/lib/system/libcorecrypto.dylib
0x000000000ae5c000 	/usr/lib/system/libdispatch.dylib
0x000000000ae5c000 	/usr/lib/system/libdyld.dylib
0x000000000ae5c000 	/usr/lib/system/libkeymgr.dylib
0x000000000ae5c000 	/usr/lib/system/liblaunch.dylib
0x000000000ae5c000 	/usr/lib/system/libmacho.dylib
0x000000000ae5c000 	/usr/lib/system/libquarantine.dylib
0x000000000ae5c000 	/usr/lib/system/libremovefile.dylib
0x000000000ae5c000 	/usr/lib/system/libsystem_asl.dylib
0x000000000ae5c000 	/usr/lib/system/libsystem_blocks.dylib
0x000000000ae5c000 	/usr/lib/system/libsystem_c.dylib
0x000000000ae5c000 	/usr/lib/system/libsystem_configuration.dylib
0x000000000ae5c000 	/usr/lib/system/libsystem_dnssd.dylib
0x000000000ae5c000 	/usr/lib/system/libsystem_info.dylib
0x000000000ae5c000 	/usr/lib/system/libsystem_kernel.dylib
0x000000000ae5c000 	/usr/lib/system/libsystem_m.dylib
0x000000000ae5c000 	/usr/lib/system/libsystem_malloc.dylib
0x000000000ae5c000 	/usr/lib/system/libsystem_network.dylib
0x000000000ae5c000 	/usr/lib/system/libsystem_notify.dylib
0x000000000ae5c000 	/usr/lib/system/libsystem_platform.dylib
0x000000000ae5c000 	/usr/lib/system/libsystem_pthread.dylib
0x000000000ae5c000 	/usr/lib/system/libsystem_sandbox.dylib
0x000000000ae5c000 	/usr/lib/system/libsystem_stats.dylib
0x000000000ae5c000 	/usr/lib/system/libunc.dylib
0x000000000ae5c000 	/usr/lib/system/libunwind.dylib
0x000000000ae5c000 	/usr/lib/system/libxpc.dylib
0x000000000ae5c000 	/usr/lib/libbsm.0.dylib
0x000000000ae5c000 	/usr/lib/libsqlite3.dylib
0x000000000ae5c000 	/usr/lib/libxar.1.dylib
0x000000000ae5c000 	/usr/lib/libpam.2.dylib
0x000000000ae5c000 	/usr/lib/libOpenScriptingUtil.dylib
0x000000000ae5c000 	/usr/lib/libbz2.1.0.dylib
0x000000000ae5c000 	/System/Library/Frameworks/CoreServices.framework/Versions/A/Frameworks/CarbonCore.framework/Versions/A/CarbonCore
0x000000000ae5c000 	/System/Library/Frameworks/CoreServices.framework/Versions/A/Frameworks/Metadata.framework/Versions/A/Metadata
0x000000000ae5c000 	/System/Library/Frameworks/CoreServices.framework/Versions/A/Frameworks/OSServices.framework/Versions/A/OSServices
0x000000000ae5c000 	/System/Library/Frameworks/CoreServices.framework/Versions/A/Frameworks/SearchKit.framework/Versions/A/SearchKit
0x000000000ae5c000 	/System/Library/Frameworks/CoreServices.framework/Versions/A/Frameworks/AE.framework/Versions/A/AE
0x000000000ae5c000 	/System/Library/Frameworks/CoreServices.framework/Versions/A/Frameworks/LaunchServices.framework/Versions/A/LaunchServices
0x000000000ae5c000 	/System/Library/Frameworks/CoreServices.framework/Versions/A/Frameworks/DictionaryServices.framework/Versions/A/DictionaryServices
0x000000000ae5c000 	/System/Library/Frameworks/NetFS.framework/Versions/A/NetFS
0x000000000ae5c000 	/usr/lib/system/libkxld.dylib
0x000000000ae5c000 	/System/Library/PrivateFrameworks/NetAuth.framework/Versions/A/NetAuth
0x000000000ae5c000 	/System/Library/PrivateFrameworks/TCC.framework/Versions/A/TCC
0x000000000ae5c000 	/System/Library/Frameworks/OpenDirectory.framework/Versions/A/Frameworks/CFOpenDirectory.framework/Versions/A/CFOpenDirectory
0x000000000ae5c000 	/System/Library/Frameworks/ServiceManagement.framework/Versions/A/ServiceManagement
0x000000000ae5c000 	/usr/lib/libxslt.1.dylib
0x000000000ae5c000 	/System/Library/Frameworks/Carbon.framework/Versions/A/Frameworks/Ink.framework/Versions/A/Ink
0x000000000ae5c000 	/System/Library/Frameworks/ApplicationServices.framework/Versions/A/Frameworks/ATS.framework/Versions/A/ATS
0x000000000ae5c000 	/System/Library/Frameworks/ApplicationServices.framework/Versions/A/Frameworks/ColorSync.framework/Versions/A/ColorSync
0x000000000ae5c000 	/System/Library/Frameworks/ApplicationServices.framework/Versions/A/Frameworks/HIServices.framework/Versions/A/HIServices
0x000000000ae5c000 	/System/Library/Frameworks/ApplicationServices.framework/Versions/A/Frameworks/LangAnalysis.framework/Versions/A/LangAnalysis
0x000000000ae5c000 	/System/Library/Frameworks/ApplicationServices.framework/Versions/A/Frameworks/PrintCore.framework/Versions/A/PrintCore
0x000000000ae5c000 	/System/Library/Frameworks/ApplicationServices.framework/Versions/A/Frameworks/QD.framework/Versions/A/QD
0x000000000ae5c000 	/System/Library/Frameworks/ApplicationServices.framework/Versions/A/Frameworks/SpeechSynthesis.framework/Versions/A/SpeechSynthesis
0x000000000ae5c000 	/System/Library/Frameworks/IOSurface.framework/Versions/A/IOSurface
0x000000000ae5c000 	/System/Library/Frameworks/Accelerate.framework/Versions/A/Accelerate
0x000000000ae5c000 	/System/Library/Frameworks/Accelerate.framework/Versions/A/Frameworks/vImage.framework/Versions/A/vImage
0x000000000ae5c000 	/System/Library/Frameworks/Accelerate.framework/Versions/A/Frameworks/vecLib.framework/Versions/A/vecLib
0x000000000ae5c000 	/System/Library/Frameworks/Accelerate.framework/Versions/A/Frameworks/vecLib.framework/Versions/A/libvDSP.dylib
0x000000000ae5c000 	/System/Library/Frameworks/Accelerate.framework/Versions/A/Frameworks/vecLib.framework/Versions/A/libvMisc.dylib
0x000000000ae5c000 	/System/Library/Frameworks/Accelerate.framework/Versions/A/Frameworks/vecLib.framework/Versions/A/libLAPACK.dylib
0x000000000ae5c000 	/System/Library/Frameworks/Accelerate.framework/Versions/A/Frameworks/vecLib.framework/Versions/A/libBLAS.dylib
0x000000000ae5c000 	/System/Library/Frameworks/ApplicationServices.framework/Versions/A/Frameworks/ATS.framework/Versions/A/Resources/libFontParser.dylib
0x000000000ae5c000 	/System/Library/Frameworks/ApplicationServices.framework/Versions/A/Frameworks/ATS.framework/Versions/A/Resources/libFontRegistry.dylib
0x000000000ae5c000 	/System/Library/Frameworks/ImageIO.framework/Versions/A/Resources/libJPEG.dylib
0x000000000ae5c000 	/System/Library/Frameworks/ImageIO.framework/Versions/A/Resources/libTIFF.dylib
0x000000000ae5c000 	/System/Library/Frameworks/ImageIO.framework/Versions/A/Resources/libPng.dylib
0x000000000ae5c000 	/System/Library/Frameworks/ImageIO.framework/Versions/A/Resources/libGIF.dylib
0x000000000ae5c000 	/System/Library/Frameworks/ImageIO.framework/Versions/A/Resources/libJP2.dylib
0x000000000ae5c000 	/System/Library/Frameworks/ImageIO.framework/Versions/A/Resources/libRadiance.dylib
0x000000000ae5c000 	/usr/lib/libcups.2.dylib
0x000000000ae5c000 	/System/Library/Frameworks/Kerberos.framework/Versions/A/Kerberos
0x000000000ae5c000 	/System/Library/Frameworks/GSS.framework/Versions/A/GSS
0x000000000ae5c000 	/usr/lib/libresolv.9.dylib
0x000000000ae5c000 	/usr/lib/libiconv.2.dylib
0x000000000ae5c000 	/System/Library/PrivateFrameworks/Heimdal.framework/Versions/A/Heimdal
0x000000000ae5c000 	/System/Library/PrivateFrameworks/TrustEvaluationAgent.framework/Versions/A/TrustEvaluationAgent
0x000000000ae5c000 	/usr/lib/libheimdal-asn1.dylib
0x000000000ae5c000 	/System/Library/Frameworks/OpenDirectory.framework/Versions/A/OpenDirectory
0x000000000ae5c000 	/System/Library/PrivateFrameworks/CommonAuth.framework/Versions/A/CommonAuth
0x000000000ae5c000 	/System/Library/Frameworks/SecurityFoundation.framework/Versions/A/SecurityFoundation
0x000000000ae5c000 	/System/Library/PrivateFrameworks/Bom.framework/Versions/A/Bom
0x000000000ae5c000 	/System/Library/Frameworks/CoreVideo.framework/Versions/A/CoreVideo
0x000000000ae5c000 	/System/Library/Frameworks/QuartzCore.framework/Versions/A/Frameworks/CoreImage.framework/Versions/A/CoreImage
0x000000000ae5c000 	/System/Library/Frameworks/QuartzCore.framework/Versions/A/Frameworks/ScalableUserInterface.framework/Versions/A/ScalableUserInterface
0x000000000ae5c000 	/System/Library/Frameworks/OpenGL.framework/Versions/A/Libraries/libGLU.dylib
0x000000000ae5c000 	/System/Library/Frameworks/OpenGL.framework/Versions/A/Libraries/libGFXShared.dylib
0x000000000ae5c000 	/System/Library/Frameworks/OpenGL.framework/Versions/A/Libraries/libGL.dylib
0x000000000ae5c000 	/System/Library/Frameworks/OpenGL.framework/Versions/A/Libraries/libGLImage.dylib
0x000000000ae5c000 	/System/Library/Frameworks/OpenGL.framework/Versions/A/Libraries/libCVMSPluginSupport.dylib
0x000000000ae5c000 	/System/Library/Frameworks/OpenGL.framework/Versions/A/Libraries/libCoreVMClient.dylib
0x000000000ae5c000 	/System/Library/PrivateFrameworks/FaceCore.framework/Versions/A/FaceCore
0x000000000ae5c000 	/System/Library/PrivateFrameworks/CrashReporterSupport.framework/Versions/A/CrashReporterSupport
0x000000000ae5c000 	/System/Library/Frameworks/OpenCL.framework/Versions/A/OpenCL
0x000000000ae5c000 	/System/Library/PrivateFrameworks/AppleFSCompression.framework/Versions/A/AppleFSCompression
0x000000000ae5c000 	/System/Library/PrivateFrameworks/Ubiquity.framework/Versions/A/Ubiquity
0x000000000ae5c000 	/System/Library/PrivateFrameworks/IconServices.framework/Versions/A/IconServices
0x000000000ae5c000 	/System/Library/PrivateFrameworks/ChunkingLibrary.framework/Versions/A/ChunkingLibrary
0x000000000ae5c000 	/System/Library/PrivateFrameworks/CoreSymbolication.framework/Versions/A/CoreSymbolication
0x000000000ae5c000 	/System/Library/PrivateFrameworks/Symbolication.framework/Versions/A/Symbolication
0x000000000ae5c000 	/System/Library/PrivateFrameworks/DebugSymbols.framework/Versions/A/DebugSymbols
0x0000000106e00000 	/Library/Java/JavaVirtualMachines/jdk1.8.0.jdk/Contents/Home/jre/lib/server/libjvm.dylib
0x000000000ae5c000 	/usr/lib/libstdc++.6.dylib
0x0000000106565000 	/Library/Java/JavaVirtualMachines/jdk1.8.0.jdk/Contents/Home/jre/lib/libverify.dylib
0x0000000106573000 	/Library/Java/JavaVirtualMachines/jdk1.8.0.jdk/Contents/Home/jre/lib/libjava.dylib
0x00000001065b1000 	/Library/Java/JavaVirtualMachines/jdk1.8.0.jdk/Contents/Home/jre/lib/libzip.dylib
0x000000011b890000 	/System/Library/Frameworks/JavaVM.framework/Frameworks/JavaRuntimeSupport.framework/JavaRuntimeSupport
0x000000011b8a8000 	/System/Library/Frameworks/JavaVM.framework/Versions/A/Frameworks/JavaNativeFoundation.framework/Versions/A/JavaNativeFoundation
0x000000011b8bd000 	/System/Library/Frameworks/JavaVM.framework/Versions/A/JavaVM
0x000000000ae5c000 	/System/Library/Frameworks/Carbon.framework/Versions/A/Carbon
0x000000011b8ca000 	/System/Library/PrivateFrameworks/JavaLaunching.framework/Versions/A/JavaLaunching
0x000000000ae5c000 	/System/Library/Frameworks/Carbon.framework/Versions/A/Frameworks/CommonPanels.framework/Versions/A/CommonPanels
0x000000000ae5c000 	/System/Library/Frameworks/Carbon.framework/Versions/A/Frameworks/Help.framework/Versions/A/Help
0x000000000ae5c000 	/System/Library/Frameworks/Carbon.framework/Versions/A/Frameworks/ImageCapture.framework/Versions/A/ImageCapture
0x000000000ae5c000 	/System/Library/Frameworks/Carbon.framework/Versions/A/Frameworks/OpenScripting.framework/Versions/A/OpenScripting
0x000000000ae5c000 	/System/Library/Frameworks/Carbon.framework/Versions/A/Frameworks/Print.framework/Versions/A/Print
0x000000000ae5c000 	/System/Library/Frameworks/Carbon.framework/Versions/A/Frameworks/SecurityHI.framework/Versions/A/SecurityHI
0x000000011c212000 	/private/var/folders/6y/fq0clws160lbkzr0sn7r48pc0000gn/T/libgdxgabemac/e4139f10/libgdx64.dylib
0x000000011c250000 	/Library/Java/JavaVirtualMachines/jdk1.8.0.jdk/Contents/Home/jre/lib/libawt.dylib
0x000000011c2ff000 	/Library/Java/JavaVirtualMachines/jdk1.8.0.jdk/Contents/Home/jre/lib/./libmlib_image.dylib
0x000000011c3cb000 	/Library/Java/JavaVirtualMachines/jdk1.8.0.jdk/Contents/Home/jre/lib/libawt_lwawt.dylib
0x000000011c47d000 	/Library/Java/JavaVirtualMachines/jdk1.8.0.jdk/Contents/Home/jre/lib/./libosxapp.dylib
0x000000000ae5c000 	/System/Library/Frameworks/ExceptionHandling.framework/Versions/A/ExceptionHandling
0x000000000ae5c000 	/System/Library/PrivateFrameworks/CoreServicesInternal.framework/Versions/A/CoreServicesInternal
0x000000000ae5c000 	/System/Library/PrivateFrameworks/Librarian.framework/Versions/A/Librarian
0x000000000ae5c000 	/System/Library/Frameworks/CoreGraphics.framework/Versions/A/Resources/libCGCMS.A.dylib
0x000000000ae5c000 	/System/Library/Frameworks/CoreGraphics.framework/Versions/A/Resources/libRIP.A.dylib
0x000000000ae5c000 	/System/Library/Frameworks/CoreGraphics.framework/Versions/A/Resources/libCGXType.A.dylib
0x000000000ae5c000 	/System/Library/PrivateFrameworks/FamilyControls.framework/Versions/A/FamilyControls
0x000000000ae5c000 	/System/Library/PrivateFrameworks/CommerceKit.framework/Versions/A/Frameworks/CommerceCore.framework/Versions/A/CommerceCore
0x000000000ae5c000 	/System/Library/PrivateFrameworks/SystemAdministration.framework/Versions/A/SystemAdministration
0x000000000ae5c000 	/System/Library/Frameworks/DirectoryService.framework/Versions/A/DirectoryService
0x000000000ae5c000 	/System/Library/PrivateFrameworks/DiskImages.framework/Versions/A/DiskImages
0x000000000ae5c000 	/System/Library/PrivateFrameworks/LoginUIKit.framework/Versions/A/Frameworks/LoginUICore.framework/Versions/A/LoginUICore
0x000000000ae5c000 	/usr/lib/libCoreStorage.dylib
0x000000000ae5c000 	/usr/lib/libcsfde.dylib
0x000000000ae5c000 	/usr/lib/libodfde.dylib
0x000000000ae5c000 	/System/Library/Frameworks/DiscRecording.framework/Versions/A/DiscRecording
0x000000000ae5c000 	/usr/lib/libcurl.4.dylib
0x000000000ae5c000 	/System/Library/PrivateFrameworks/MediaKit.framework/Versions/A/MediaKit
0x000000000ae5c000 	/System/Library/PrivateFrameworks/EFILogin.framework/Versions/A/EFILogin
0x000000000ae5c000 	/usr/lib/libutil.dylib
0x000000000ae5c000 	/System/Library/PrivateFrameworks/AOSNotification.framework/Versions/A/AOSNotification
0x000000000ae5c000 	/System/Library/Frameworks/LDAP.framework/Versions/A/LDAP
0x000000000ae5c000 	/usr/lib/libsasl2.2.dylib
0x000000000ae5c000 	/usr/lib/libcrypto.0.9.8.dylib
0x000000000ae5c000 	/usr/lib/libssl.0.9.8.dylib
0x00000001203a6000 	/Library/Java/JavaVirtualMachines/jdk1.8.0.jdk/Contents/Home/jre/lib/libfontmanager.dylib
0x000000012040c000 	/private/var/folders/6y/fq0clws160lbkzr0sn7r48pc0000gn/T/libgdxgabemac/45614fc1/liblwjgl.dylib
0x000000011dd07000 	/Library/Java/JavaVirtualMachines/jdk1.8.0.jdk/Contents/Home/jre/lib/libjawt.dylib
0x000000012048b000 	/var/folders/6y/fq0clws160lbkzr0sn7r48pc0000gn/T/libgdxgabemac/45614fc1/openal.dylib
0x00000001204e7000 	/System/Library/Components/CoreAudio.component/Contents/MacOS/CoreAudio
0x000000011dd1f000 	/System/Library/Extensions/AppleHDA.kext/Contents/PlugIns/AppleHDAHALPlugIn.bundle/Contents/MacOS/AppleHDAHALPlugIn
0x000000000ae5c000 	/System/Library/Frameworks/OpenGL.framework/Versions/A/Resources/GLEngine.bundle/GLEngine
0x000000000ae5c000 	/System/Library/Frameworks/OpenGL.framework/Versions/A/Libraries/libGLProgrammability.dylib
0x0000000000000000 	/System/Library/Extensions/AppleIntelHD4000GraphicsGLDriver.bundle/Contents/MacOS/AppleIntelHD4000GraphicsGLDriver
0x000000000ae5c000 	/System/Library/PrivateFrameworks/IOAccelerator.framework/Versions/A/IOAccelerator
0x000000000ae5c000 	/System/Library/PrivateFrameworks/GPUSupport.framework/Versions/A/Libraries/libGPUSupportMercury.dylib
0x000000000ae5c000 	/System/Library/Frameworks/OpenGL.framework/Versions/A/Resources/GLRendererFloat.bundle/GLRendererFloat
0x000000000ae5c000 	/System/Library/Frameworks/OpenCL.framework/Versions/A/Libraries/libcldcpuengine.dylib
0x000000011eae4000 	cl_kernels
0x0000000121160000 	/System/Library/Frameworks/OpenCL.framework/Versions/A/Libraries/ImageFormats/unorm8_bgra.dylib
0x000000011eaeb000 	cl_kernels

VM Arguments:
jvm_args: -Dfile.encoding=UTF-8 
java_command: com.haha.BitRunner.desktop.DesktopLauncher
java_class_path (initial): /Users/gabemac/Desktop/BitRunner/BitRunner/desktop/bin:/Users/gabemac/Desktop/BitRunner/BitRunner/core/bin:/Users/gabemac/.gradle/caches/modules-2/files-2.1/com.badlogicgames.gdx/gdx-box2d/1.1.0/919bff3c5e92062ee3413f86076c089bd810b5b3/gdx-box2d-1.1.0.jar:/Users/gabemac/.gradle/caches/modules-2/files-2.1/com.badlogicgames.gdx/gdx/1.1.0/686f5a609c717eb0769d3b954c501a49bf4fe351/gdx-1.1.0.jar:/Users/gabemac/Desktop/BitRunner/BitRunner/core/build/libs/android.jar:/Users/gabemac/.gradle/caches/modules-2/files-2.1/com.badlogicgames.gdx/gdx-backend-lwjgl/1.1.0/eafa409559820c1696e165e1280435f1332fc32b/gdx-backend-lwjgl-1.1.0.jar:/Users/gabemac/.gradle/caches/modules-2/files-2.1/com.badlogicgames.gdx/gdx-box2d-platform/1.1.0/9eff8773cc82bc5007610cd9be665e4fc2b2a7e6/gdx-box2d-platform-1.1.0-natives-desktop.jar:/Users/gabemac/.gradle/caches/modules-2/files-2.1/com.badlogicgames.gdx/gdx-platform/1.1.0/1c7ea4239c2d9adda420c15985fe3885c481fdcf/gdx-platform-1.1.0-natives-desktop.jar:/Users/gabemac/.gradle/caches/modules-2/files-2.1/com.badlogicgames.jlayer/jlayer/1.0.1-gdx/7cca83cec5c1b2f011362f4d85aabd71a73b049d/jlayer-1.0.1-gdx.jar:/Users/gabemac/.gradle/caches/modules-2/files-2.1/net.java.jinput/jinput-platform/2.0.5/385ee093e01f587f30ee1c8a2ee7d408fd732e16/jinput-platform-2.0.5-natives-windows.jar:/Users/gabemac/.gradle/caches/modules-2/files-2.1/net.java.jinput/jinput-platform/2.0.5/53f9c919f34d2ca9de8c51fc4e1e8282029a9232/jinput-platform-2.0.5-natives-osx.jar:/Users/gabemac/.gradle/caches/modules-2/files-2.1/net.java.jinput/jinput-platform/2.0.5/7ff832a6eb9ab6a767f1ade2b548092d0fa64795/jinput-platform-2.0.5-natives-linux.jar:/Users/gabemac/.gradle/caches/modules-2/files-2.1/net.java.jinput/jinput/2.0.5/39c7796b469a600f72380316f6b1f11db6c2c7c4/jinput-2.0.5.jar:/Users/gabemac/.gradle/caches/modules-2/files-2.1/net.java.jutils/jutils/1.0.0/e12fe1fda814bd348c1579329c86943d2cd3c6a6/jutils-1.0.0.jar:/Users/gabemac/.gradle/caches/modules-2/files-2.1/org
Launcher Type: SUN_STANDARD

Environment Variables:
PATH=/usr/bin:/bin:/usr/sbin:/sbin
SHELL=/bin/bash

Signal Handlers:
SIGSEGV: [libjvm.dylib+0x55faef], sa_mask[0]=0xfffefeff, sa_flags=0x00000043
SIGBUS: [libjvm.dylib+0x55faef], sa_mask[0]=0xfffefeff, sa_flags=0x00000042
SIGFPE: [libjvm.dylib+0x44305a], sa_mask[0]=0xfffefeff, sa_flags=0x00000042
SIGPIPE: [libjvm.dylib+0x44305a], sa_mask[0]=0xfffefeff, sa_flags=0x00000042
SIGXFSZ: [libjvm.dylib+0x44305a], sa_mask[0]=0xfffefeff, sa_flags=0x00000042
SIGILL: [libjvm.dylib+0x44305a], sa_mask[0]=0xfffefeff, sa_flags=0x00000042
SIGUSR1: SIG_DFL, sa_mask[0]=0x00000000, sa_flags=0x00000002
SIGUSR2: [libjvm.dylib+0x442b78], sa_mask[0]=0x00000004, sa_flags=0x00000042
SIGHUP: [libjvm.dylib+0x440f05], sa_mask[0]=0xfffefeff, sa_flags=0x00000042
SIGINT: [libjvm.dylib+0x440f05], sa_mask[0]=0xfffefeff, sa_flags=0x00000042
SIGTERM: [libjvm.dylib+0x440f05], sa_mask[0]=0xfffefeff, sa_flags=0x00000042
SIGQUIT: [libjvm.dylib+0x440f05], sa_mask[0]=0xfffefeff, sa_flags=0x00000042


---------------  S Y S T E M  ---------------

OS:Bsduname:Darwin 13.1.0 Darwin Kernel Version 13.1.0: Thu Jan 16 19:40:37 PST 2014; root:xnu-2422.90.20~2/RELEASE_X86_64 x86_64
rlimit: STACK 8192k, CORE 0k, NPROC 709, NOFILE 10240, AS infinity
load average:2.22 2.14 2.20

CPU:total 4 (2 cores per cpu, 2 threads per core) family 6 model 58 stepping 9, cmov, cx8, fxsr, mmx, sse, sse2, sse3, ssse3, sse4.1, sse4.2, popcnt, avx, aes, clmul, erms, ht, tsc, tscinvbit

Memory: 4k page, physical 4194304k(30464k free)

/proc/meminfo:


vm_info: Java HotSpot(TM) 64-Bit Server VM (25.0-b70) for bsd-amd64 JRE (1.8.0-b132), built on Mar  4 2014 03:11:43 by "java_re" with gcc 4.2.1 (Based on Apple Inc. build 5658) (LLVM build 2336.11.00)

time: Tue May 26 07:16:39 2015
elapsed time: 10 seconds

