#
# A fatal error has been detected by the Java Runtime Environment:
#
#  SIGSEGV (0xb) at pc=0x0000000109aea57a, pid=27188, tid=3335
#
# JRE version: Java(TM) SE Runtime Environment (8.0-b132) (build 1.8.0-b132)
# Java VM: Java HotSpot(TM) 64-Bit Server VM (25.0-b70 mixed mode bsd-amd64 compressed oops)
# Problematic frame:
# V  [libjvm.dylib+0x2ea57a]
#
# Failed to write core dump. Core dumps have been disabled. To enable core dumping, try "ulimit -c unlimited" before starting Java again
#
# If you would like to submit a bug report, please visit:
#   http://bugreport.sun.com/bugreport/crash.jsp
#

---------------  T H R E A D  ---------------

Current thread (0x00007f94aa0ef000):  JavaThread "AppKit Thread" daemon [_thread_in_vm, id=3335, stack(0x00007fff56571000,0x00007fff56d71000)]

siginfo:si_signo=SIGSEGV: si_errno=0, si_code=1 (SEGV_MAPERR), si_addr=0x0000000000000000

Registers:
RAX=0x000000010a05d344, RBX=0x0000000000000000, RCX=0x0000000109faf780, RDX=0x0000000109fbc040
RSP=0x00007fff56d6d580, RBP=0x00007fff56d6d5d0, RSI=0x0000000000000000, RDI=0x00007f94aa0ef1e0
R8 =0x000000000000008c, R9 =0x00007fff7d800428, R10=0x0000000000000002, R11=0x00007fff95fb5b70
R12=0x00007f94a8f3aa10, R13=0x00007f94aa0ef1e0, R14=0x00007f94aa0ef1e0, R15=0x00007f94aa0ef000
RIP=0x0000000109aea57a, EFLAGS=0x0000000000010202, ERR=0x0000000000000004
  TRAPNO=0x000000000000000e

Top of Stack: (sp=0x00007fff56d6d580)
0x00007fff56d6d580:   0000000000000000 00007f94aa0ef000
0x00007fff56d6d590:   0000000000000000 0000000000000000
0x00007fff56d6d5a0:   0000000000000006 00007f94aa0ef000
0x00007fff56d6d5b0:   00007f94aa0ef000 00007f94a8e5c530
0x00007fff56d6d5c0:   00007f94a8f3aa10 00007f94a8e5c530
0x00007fff56d6d5d0:   00007fff56d6d650 0000000122efca71
0x00007fff56d6d5e0:   412b34b621e0435d 0000000000000000
0x00007fff56d6d5f0:   4084000000000000 0000000000000000
0x00007fff56d6d600:   0000000000000000 0000000000000006
0x00007fff56d6d610:   0000000000000000 0000000000000000
0x00007fff56d6d620:   0000000000000006 00007f94a8e5c530
0x00007fff56d6d630:   00007f94a8f3aa10 00007f94a8e5d120
0x00007fff56d6d640:   00007fff919e2080 0000000000000016
0x00007fff56d6d650:   00007fff56d6d8a0 00007fff95fd2db1
0x00007fff56d6d660:   0000000000012068 00007fff56d6d71c
0x00007fff56d6d670:   00007fff56d6d700 00007fff98bf04a9
0x00007fff56d6d680:   0000000000006a34 00007fff56d6d724
0x00007fff56d6d690:   00007fff56d6d720 0000000000000000
0x00007fff56d6d6a0:   00007fff56d6d71c 00007f94a8e2d9cc
0x00007fff56d6d6b0:   0000000000000000 00007fff98bf04a9
0x00007fff56d6d6c0:   0000000000000000 00007fff7ce6d738
0x00007fff56d6d6d0:   0000000122f2fd08 00007fff7d7b1fa8
0x00007fff56d6d6e0:   00007fff56d6d780 0000000000000100
0x00007fff56d6d6f0:   00007fff7ce6d748 00007fff7ce6d74c
0x00007fff56d6d700:   000000007ce691b8 00007fff7ce6d738
0x00007fff56d6d710:   00000000a8f3aa10 00007fff7ce6d750
0x00007fff56d6d720:   0000000000000000 0000000000355f80
0x00007fff56d6d730:   00355f007ce691a0 0000000000000000
0x00007fff56d6d740:   00007fff7ce6d74c 00007fff7ce6d750
0x00007fff56d6d750:   00007fff7ce6d748 00007fff7d7025f8
0x00007fff56d6d760:   00007fff95fd1f28 00007fff96803606
0x00007fff56d6d770:   0000000122f2fd08 00007fff7d7b1fa8 

Instructions: (pc=0x0000000109aea57a)
0x0000000109aea55a:   74 09 48 8d 7d b8 e8 df 6c 18 00 4c 89 f7 48 89
0x0000000109aea56a:   de 90 0f 1f 40 00 48 8d 05 cd 2d 57 00 80 38 00
0x0000000109aea57a:   48 8b 03 74 15 48 8d 15 0a ef 4d 00 8a 4a 08 8b
0x0000000109aea58a:   40 08 48 d3 e0 48 03 02 eb 04 48 8b 40 08 48 8b 

Register to memory mapping:

RAX=0x000000010a05d344: UseCompressedClassPointers+0 in /Library/Java/JavaVirtualMachines/jdk1.8.0.jdk/Contents/Home/jre/lib/server/libjvm.dylib at 0x0000000109800000
RBX=0x0000000000000000 is an unknown value
RCX=0x0000000109faf780: UseMembar+0 in /Library/Java/JavaVirtualMachines/jdk1.8.0.jdk/Contents/Home/jre/lib/server/libjvm.dylib at 0x0000000109800000
RDX=0x0000000109fbc040: jni_NativeInterface+0 in /Library/Java/JavaVirtualMachines/jdk1.8.0.jdk/Contents/Home/jre/lib/server/libjvm.dylib at 0x0000000109800000
RSP=0x00007fff56d6d580 is pointing into the stack for thread: 0x00007f94aa0ef000
RBP=0x00007fff56d6d5d0 is pointing into the stack for thread: 0x00007f94aa0ef000
RSI=0x0000000000000000 is an unknown value
RDI=0x00007f94aa0ef1e0 is an unknown value
R8 =0x000000000000008c is an unknown value
R9 =0x00007fff7d800428: -[NSApplication(NSQuietSafeQuit) _updateCanQuitQuietlyAndSafely].sLastStashedValue+0x400e8 in /System/Library/Frameworks/AppKit.framework/Versions/C/AppKit at 0x00007fff95dac000
R10=0x0000000000000002 is an unknown value
R11=0x00007fff95fb5b70: -[NSEvent timestamp]+0 in /System/Library/Frameworks/AppKit.framework/Versions/C/AppKit at 0x00007fff95dac000
R12=0x00007f94a8f3aa10 is an unknown value
R13=0x00007f94aa0ef1e0 is an unknown value
R14=0x00007f94aa0ef1e0 is an unknown value
R15=0x00007f94aa0ef000 is a thread


Stack: [0x00007fff56571000,0x00007fff56d71000],  sp=0x00007fff56d6d580,  free space=8177k
Native frames: (J=compiled Java code, j=interpreted, Vv=VM code, C=native code)
V  [libjvm.dylib+0x2ea57a]
C  [liblwjgl.dylib+0xaa71]  -[MacOSXOpenGLView scrollWheel:]+0x81
C  [AppKit+0x226db1]  -[NSWindow sendEvent:]+0xe89
C  [AppKit+0x1c763b]  -[NSApplication sendEvent:]+0x73c
C  [libosxapp.dylib+0x1656]  -[NSApplicationAWT sendEvent:]+0x109
C  [AppKit+0x17b89]  -[NSApplication run]+0x286
C  [libosxapp.dylib+0x14e8]  +[NSApplicationAWT runAWTLoopWithApp:]+0x9c
C  [libawt_lwawt.dylib+0x43afb]  -[AWTStarter starter:]+0x369
C  [Foundation+0x6313e]  __NSThreadPerformPerform+0xe5
C  [CoreFoundation+0x7f731]  __CFRUNLOOP_IS_CALLING_OUT_TO_A_SOURCE0_PERFORM_FUNCTION__+0x11
C  [CoreFoundation+0x70ea2]  __CFRunLoopDoSources0+0xf2
C  [CoreFoundation+0x7062f]  __CFRunLoopRun+0x33f
C  [CoreFoundation+0x700b5]  CFRunLoopRunSpecific+0x135
C  [java+0x56db]  CreateExecutionEnvironment+0x367
C  [java+0x167c]  JLI_Launch+0x7a0
C  [java+0x7699]  main+0x65
C  [java+0xed4]  start+0x34


---------------  P R O C E S S  ---------------

Java Threads: ( => current thread )
  0x00007f94aa038800 JavaThread "AWT-Shutdown" [_thread_blocked, id=63499, stack(0x00000001237f3000,0x00000001238f3000)]
  0x00007f94aaa51000 JavaThread "DestroyJavaVM" [_thread_blocked, id=6403, stack(0x000000010a6c0000,0x000000010a7c0000)]
  0x00007f94a983f000 JavaThread "LWJGL Application" [_thread_blocked, id=62979, stack(0x00000001232f1000,0x00000001233f1000)]
=>0x00007f94aa0ef000 JavaThread "AppKit Thread" daemon [_thread_in_vm, id=3335, stack(0x00007fff56571000,0x00007fff56d71000)]
  0x00007f94aa001000 JavaThread "Service Thread" daemon [_thread_blocked, id=19715, stack(0x000000011e825000,0x000000011e925000)]
  0x00007f94aa810800 JavaThread "C1 CompilerThread2" daemon [_thread_blocked, id=19203, stack(0x000000011e722000,0x000000011e822000)]
  0x00007f94aa804000 JavaThread "C2 CompilerThread1" daemon [_thread_blocked, id=18691, stack(0x000000011e61f000,0x000000011e71f000)]
  0x00007f94aa01b800 JavaThread "C2 CompilerThread0" daemon [_thread_blocked, id=18179, stack(0x000000011e51c000,0x000000011e61c000)]
  0x00007f94a981a000 JavaThread "Signal Dispatcher" daemon [_thread_blocked, id=17667, stack(0x000000011e419000,0x000000011e519000)]
  0x00007f94aa01a000 JavaThread "Finalizer" daemon [_thread_blocked, id=12547, stack(0x000000011e1ca000,0x000000011e2ca000)]
  0x00007f94aa019800 JavaThread "Reference Handler" daemon [_thread_blocked, id=12035, stack(0x000000011e0c7000,0x000000011e1c7000)]

Other Threads:
  0x00007f94aa014800 VMThread [stack: 0x000000011dfc4000,0x000000011e0c4000] [id=11523]
  0x00007f94aa01b000 WatcherThread [stack: 0x000000011e928000,0x000000011ea28000] [id=20227]

VM state:synchronizing (normal execution)

VM Mutex/Monitor currently owned by a thread:  ([mutex/lock_event])
[0x00007f94a8d0e3a0] Threads_lock - owner thread: 0x00007f94aa014800

Heap:
 PSYoungGen      total 1536K, used 484K [0x00000007aab00000, 0x00000007aad80000, 0x00000007c0000000)
  eden space 512K, 57% used [0x00000007aab00000,0x00000007aab49398,0x00000007aab80000)
  from space 1024K, 18% used [0x00000007aac80000,0x00000007aacb0000,0x00000007aad80000)
  to   space 1024K, 0% used [0x00000007aab80000,0x00000007aab80000,0x00000007aac80000)
 ParOldGen       total 64000K, used 1291K [0x0000000780000000, 0x0000000783e80000, 0x00000007aab00000)
  object space 64000K, 2% used [0x0000000780000000,0x0000000780142f90,0x0000000783e80000)
 Metaspace       used 5217K, capacity 5504K, committed 5760K, reserved 1056768K
  class space    used 575K, capacity 624K, committed 640K, reserved 1048576K

Card table byte_map: [0x0000000119b82000,0x0000000119d83000] byte_map_base: 0x0000000115f82000

Marking Bits: (ParMarkBitMap*) 0x000000010a0660a0
 Begin Bits: [0x000000011a2e5000, 0x000000011b2e5000)
 End Bits:   [0x000000011b2e5000, 0x000000011c2e5000)

Polling page: 0x0000000108fe5000

CodeCache: size=245760Kb used=1785Kb max_used=1785Kb free=243974Kb
 bounds [0x000000010a7c2000, 0x000000010aa32000, 0x00000001197c2000]
 total_blobs=589 nmethods=294 adapters=211
 compilation: enabled

Compilation events (10 events):
Event: 15.996 Thread 0x00007f94aa810800 nmethod 289 0x000000010a978a10 code [0x000000010a978d60, 0x000000010a97a938]
Event: 15.996 Thread 0x00007f94aa810800  288       3       java.net.URLClassLoader$1::<init> (15 bytes)
Event: 15.996 Thread 0x00007f94aa810800 nmethod 288 0x000000010a97ba10 code [0x000000010a97bb60, 0x000000010a97bd30]
Event: 16.077 Thread 0x00007f94aa804000 nmethod 285 0x000000010a97ec50 code [0x000000010a97eda0, 0x000000010a97eff8]
Event: 16.490 Thread 0x00007f94aa810800  290       3       java.util.jar.JarFile::maybeInstantiateVerifier (96 bytes)
Event: 16.491 Thread 0x00007f94aa810800 nmethod 290 0x000000010a97d7d0 code [0x000000010a97da00, 0x000000010a97e688]
Event: 16.491 Thread 0x00007f94aa810800  291  s    3       sun.misc.Resource::cachedInputStream (20 bytes)
Event: 16.491 Thread 0x00007f94aa810800 nmethod 291 0x000000010a97d1d0 code [0x000000010a97d340, 0x000000010a97d728]
Event: 16.532 Thread 0x00007f94aa810800  292       3       java.security.CodeSource::getCertificates (98 bytes)
Event: 16.533 Thread 0x00007f94aa810800 nmethod 292 0x000000010a97bfd0 code [0x000000010a97c200, 0x000000010a97cdb8]

GC Heap History (10 events):
Event: 13.955 GC heap before
{Heap before GC invocations=8 (full 0):
 PSYoungGen      total 1536K, used 928K [0x00000007aab00000, 0x00000007aad80000, 0x00000007c0000000)
  eden space 512K, 100% used [0x00000007aab00000,0x00000007aab80000,0x00000007aab80000)
  from space 1024K, 40% used [0x00000007aab80000,0x00000007aabe8000,0x00000007aac80000)
  to   space 1024K, 0% used [0x00000007aac80000,0x00000007aac80000,0x00000007aad80000)
 ParOldGen       total 64000K, used 787K [0x0000000780000000, 0x0000000783e80000, 0x00000007aab00000)
  object space 64000K, 1% used [0x0000000780000000,0x00000007800c4f70,0x0000000783e80000)
 Metaspace       used 4404K, capacity 5024K, committed 5248K, reserved 1056768K
  class space    used 491K, capacity 528K, committed 640K, reserved 1048576K
Event: 13.956 GC heap after
Heap after GC invocations=8 (full 0):
 PSYoungGen      total 1536K, used 403K [0x00000007aab00000, 0x00000007aad80000, 0x00000007c0000000)
  eden space 512K, 0% used [0x00000007aab00000,0x00000007aab00000,0x00000007aab80000)
  from space 1024K, 39% used [0x00000007aac80000,0x00000007aace4d20,0x00000007aad80000)
  to   space 1024K, 0% used [0x00000007aab80000,0x00000007aab80000,0x00000007aac80000)
 ParOldGen       total 64000K, used 867K [0x0000000780000000, 0x0000000783e80000, 0x00000007aab00000)
  object space 64000K, 1% used [0x0000000780000000,0x00000007800d8f70,0x0000000783e80000)
 Metaspace       used 4404K, capacity 5024K, committed 5248K, reserved 1056768K
  class space    used 491K, capacity 528K, committed 640K, reserved 1048576K
}
Event: 14.755 GC heap before
{Heap before GC invocations=9 (full 0):
 PSYoungGen      total 1536K, used 915K [0x00000007aab00000, 0x00000007aad80000, 0x00000007c0000000)
  eden space 512K, 100% used [0x00000007aab00000,0x00000007aab80000,0x00000007aab80000)
  from space 1024K, 39% used [0x00000007aac80000,0x00000007aace4d20,0x00000007aad80000)
  to   space 1024K, 0% used [0x00000007aab80000,0x00000007aab80000,0x00000007aac80000)
 ParOldGen       total 64000K, used 867K [0x0000000780000000, 0x0000000783e80000, 0x00000007aab00000)
  object space 64000K, 1% used [0x0000000780000000,0x00000007800d8f70,0x0000000783e80000)
 Metaspace       used 4535K, capacity 5088K, committed 5248K, reserved 1056768K
  class space    used 503K, capacity 528K, committed 640K, reserved 1048576K
Event: 14.756 GC heap after
Heap after GC invocations=9 (full 0):
 PSYoungGen      total 1536K, used 283K [0x00000007aab00000, 0x00000007aad80000, 0x00000007c0000000)
  eden space 512K, 0% used [0x00000007aab00000,0x00000007aab00000,0x00000007aab80000)
  from space 1024K, 27% used [0x00000007aab80000,0x00000007aabc6fb0,0x00000007aac80000)
  to   space 1024K, 0% used [0x00000007aac80000,0x00000007aac80000,0x00000007aad80000)
 ParOldGen       total 64000K, used 1051K [0x0000000780000000, 0x0000000783e80000, 0x00000007aab00000)
  object space 64000K, 1% used [0x0000000780000000,0x0000000780106f80,0x0000000783e80000)
 Metaspace       used 4535K, capacity 5088K, committed 5248K, reserved 1056768K
  class space    used 503K, capacity 528K, committed 640K, reserved 1048576K
}
Event: 15.185 GC heap before
{Heap before GC invocations=10 (full 0):
 PSYoungGen      total 1536K, used 795K [0x00000007aab00000, 0x00000007aad80000, 0x00000007c0000000)
  eden space 512K, 100% used [0x00000007aab00000,0x00000007aab80000,0x00000007aab80000)
  from space 1024K, 27% used [0x00000007aab80000,0x00000007aabc6fb0,0x00000007aac80000)
  to   space 1024K, 0% used [0x00000007aac80000,0x00000007aac80000,0x00000007aad80000)
 ParOldGen       total 64000K, used 1051K [0x0000000780000000, 0x0000000783e80000, 0x00000007aab00000)
  object space 64000K, 1% used [0x0000000780000000,0x0000000780106f80,0x0000000783e80000)
 Metaspace       used 4668K, capacity 5216K, committed 5504K, reserved 1056768K
  class space    used 513K, capacity 528K, committed 640K, reserved 1048576K
Event: 15.186 GC heap after
Heap after GC invocations=10 (full 0):
 PSYoungGen      total 1536K, used 209K [0x00000007aab00000, 0x00000007aad80000, 0x00000007c0000000)
  eden space 512K, 0% used [0x00000007aab00000,0x00000007aab00000,0x00000007aab80000)
  from space 1024K, 20% used [0x00000007aac80000,0x00000007aacb4578,0x00000007aad80000)
  to   space 1024K, 0% used [0x00000007aab80000,0x00000007aab80000,0x00000007aac80000)
 ParOldGen       total 64000K, used 1163K [0x0000000780000000, 0x0000000783e80000, 0x00000007aab00000)
  object space 64000K, 1% used [0x0000000780000000,0x0000000780122f90,0x0000000783e80000)
 Metaspace       used 4668K, capacity 5216K, committed 5504K, reserved 1056768K
  class space    used 513K, capacity 528K, committed 640K, reserved 1048576K
}
Event: 15.435 GC heap before
{Heap before GC invocations=11 (full 0):
 PSYoungGen      total 1536K, used 721K [0x00000007aab00000, 0x00000007aad80000, 0x00000007c0000000)
  eden space 512K, 100% used [0x00000007aab00000,0x00000007aab80000,0x00000007aab80000)
  from space 1024K, 20% used [0x00000007aac80000,0x00000007aacb4578,0x00000007aad80000)
  to   space 1024K, 0% used [0x00000007aab80000,0x00000007aab80000,0x00000007aac80000)
 ParOldGen       total 64000K, used 1163K [0x0000000780000000, 0x0000000783e80000, 0x00000007aab00000)
  object space 64000K, 1% used [0x0000000780000000,0x0000000780122f90,0x0000000783e80000)
 Metaspace       used 4854K, capacity 5312K, committed 5504K, reserved 1056768K
  class space    used 537K, capacity 560K, committed 640K, reserved 1048576K
Event: 15.436 GC heap after
Heap after GC invocations=11 (full 0):
 PSYoungGen      total 1536K, used 179K [0x00000007aab00000, 0x00000007aad80000, 0x00000007c0000000)
  eden space 512K, 0% used [0x00000007aab00000,0x00000007aab00000,0x00000007aab80000)
  from space 1024K, 17% used [0x00000007aab80000,0x00000007aabacd60,0x00000007aac80000)
  to   space 1024K, 0% used [0x00000007aac80000,0x00000007aac80000,0x00000007aad80000)
 ParOldGen       total 64000K, used 1251K [0x0000000780000000, 0x0000000783e80000, 0x00000007aab00000)
  object space 64000K, 1% used [0x0000000780000000,0x0000000780138f90,0x0000000783e80000)
 Metaspace       used 4854K, capacity 5312K, committed 5504K, reserved 1056768K
  class space    used 537K, capacity 560K, committed 640K, reserved 1048576K
}
Event: 15.993 GC heap before
{Heap before GC invocations=12 (full 0):
 PSYoungGen      total 1536K, used 691K [0x00000007aab00000, 0x00000007aad80000, 0x00000007c0000000)
  eden space 512K, 100% used [0x00000007aab00000,0x00000007aab80000,0x00000007aab80000)
  from space 1024K, 17% used [0x00000007aab80000,0x00000007aabacd60,0x00000007aac80000)
  to   space 1024K, 0% used [0x00000007aac80000,0x00000007aac80000,0x00000007aad80000)
 ParOldGen       total 64000K, used 1251K [0x0000000780000000, 0x0000000783e80000, 0x00000007aab00000)
  object space 64000K, 1% used [0x0000000780000000,0x0000000780138f90,0x0000000783e80000)
 Metaspace       used 5110K, capacity 5408K, committed 5504K, reserved 1056768K
  class space    used 563K, capacity 592K, committed 640K, reserved 1048576K
Event: 15.994 GC heap after
Heap after GC invocations=12 (full 0):
 PSYoungGen      total 1536K, used 192K [0x00000007aab00000, 0x00000007aad80000, 0x00000007c0000000)
  eden space 512K, 0% used [0x00000007aab00000,0x00000007aab00000,0x00000007aab80000)
  from space 1024K, 18% used [0x00000007aac80000,0x00000007aacb0000,0x00000007aad80000)
  to   space 1024K, 0% used [0x00000007aab80000,0x00000007aab80000,0x00000007aac80000)
 ParOldGen       total 64000K, used 1291K [0x0000000780000000, 0x0000000783e80000, 0x00000007aab00000)
  object space 64000K, 2% used [0x0000000780000000,0x0000000780142f90,0x0000000783e80000)
 Metaspace       used 5110K, capacity 5408K, committed 5504K, reserved 1056768K
  class space    used 563K, capacity 592K, committed 640K, reserved 1048576K
}

Deoptimization events (0 events):
No events

Internal exceptions (10 events):
Event: 15.989 Thread 0x00007f94a983f000 Exception <a 'java/security/PrivilegedActionException'> (0x00000007aab68d48) thrown at [/HUDSON/workspace/8-2-build-macosx-x86_64/jdk8/2238/hotspot/src/share/vm/prims/jvm.cpp, line 1248]
Event: 15.990 Thread 0x00007f94a983f000 Exception <a 'java/security/PrivilegedActionException'> (0x00000007aab6fc00) thrown at [/HUDSON/workspace/8-2-build-macosx-x86_64/jdk8/2238/hotspot/src/share/vm/prims/jvm.cpp, line 1248]
Event: 15.991 Thread 0x00007f94a983f000 Exception <a 'java/security/PrivilegedActionException'> (0x00000007aab79910) thrown at [/HUDSON/workspace/8-2-build-macosx-x86_64/jdk8/2238/hotspot/src/share/vm/prims/jvm.cpp, line 1248]
Event: 15.993 Thread 0x00007f94a983f000 Exception <a 'java/security/PrivilegedActionException'> (0x00000007aab7fa30) thrown at [/HUDSON/workspace/8-2-build-macosx-x86_64/jdk8/2238/hotspot/src/share/vm/prims/jvm.cpp, line 1248]
Event: 16.490 Thread 0x00007f94a983f000 Exception <a 'java/security/PrivilegedActionException'> (0x00000007aab05db8) thrown at [/HUDSON/workspace/8-2-build-macosx-x86_64/jdk8/2238/hotspot/src/share/vm/prims/jvm.cpp, line 1248]
Event: 16.533 Thread 0x00007f94a983f000 Exception <a 'java/security/PrivilegedActionException'> (0x00000007aab0d1c0) thrown at [/HUDSON/workspace/8-2-build-macosx-x86_64/jdk8/2238/hotspot/src/share/vm/prims/jvm.cpp, line 1248]
Event: 17.651 Thread 0x00007f94a983f000 Exception <a 'java/security/PrivilegedActionException'> (0x00000007aab144e0) thrown at [/HUDSON/workspace/8-2-build-macosx-x86_64/jdk8/2238/hotspot/src/share/vm/prims/jvm.cpp, line 1248]
Event: 17.652 Thread 0x00007f94a983f000 Exception <a 'java/security/PrivilegedActionException'> (0x00000007aab1bf88) thrown at [/HUDSON/workspace/8-2-build-macosx-x86_64/jdk8/2238/hotspot/src/share/vm/prims/jvm.cpp, line 1248]
Event: 17.653 Thread 0x00007f94a983f000 Exception <a 'java/security/PrivilegedActionException'> (0x00000007aab22fa8) thrown at [/HUDSON/workspace/8-2-build-macosx-x86_64/jdk8/2238/hotspot/src/share/vm/prims/jvm.cpp, line 1248]
Event: 17.699 Thread 0x00007f94a983f000 Exception <a 'java/security/PrivilegedActionException'> (0x00000007aab30618) thrown at [/HUDSON/workspace/8-2-build-macosx-x86_64/jdk8/2238/hotspot/src/share/vm/prims/jvm.cpp, line 1248]

Events (10 events):
Event: 17.651 loading class org/lwjgl/input/OpenGLPackageAccess$2
Event: 17.651 loading class org/lwjgl/input/OpenGLPackageAccess$2 done
Event: 17.651 Executing VM operation: RevokeBias
Event: 17.652 Executing VM operation: RevokeBias done
Event: 17.652 loading class org/lwjgl/opengles/ContextAttribs
Event: 17.652 loading class org/lwjgl/opengles/ContextAttribs done
Event: 17.653 loading class org/lwjgl/opengl/ContextAttribs
Event: 17.653 loading class org/lwjgl/opengl/ContextAttribs done
Event: 17.699 loading class org/lwjgl/opengl/MacOSXNativeMouse
Event: 17.699 loading class org/lwjgl/opengl/MacOSXNativeMouse done


Dynamic libraries:
0x000000000b88b000 	/System/Library/Frameworks/Cocoa.framework/Versions/A/Cocoa
0x000000000b88b000 	/System/Library/Frameworks/Security.framework/Versions/A/Security
0x000000000b88b000 	/System/Library/Frameworks/ApplicationServices.framework/Versions/A/ApplicationServices
0x000000000b88b000 	/usr/lib/libz.1.dylib
0x000000000b88b000 	/usr/lib/libSystem.B.dylib
0x000000000b88b000 	/usr/lib/libobjc.A.dylib
0x000000000b88b000 	/System/Library/Frameworks/CoreFoundation.framework/Versions/A/CoreFoundation
0x000000000b88b000 	/System/Library/Frameworks/Foundation.framework/Versions/C/Foundation
0x000000000b88b000 	/System/Library/Frameworks/AppKit.framework/Versions/C/AppKit
0x000000000b88b000 	/System/Library/Frameworks/CoreData.framework/Versions/A/CoreData
0x000000000b88b000 	/System/Library/PrivateFrameworks/RemoteViewServices.framework/Versions/A/RemoteViewServices
0x000000000b88b000 	/System/Library/Frameworks/AudioToolbox.framework/Versions/A/AudioToolbox
0x000000000b88b000 	/System/Library/Frameworks/AudioUnit.framework/Versions/A/AudioUnit
0x000000000b88b000 	/System/Library/PrivateFrameworks/DataDetectorsCore.framework/Versions/A/DataDetectorsCore
0x000000000b88b000 	/System/Library/PrivateFrameworks/DesktopServicesPriv.framework/Versions/A/DesktopServicesPriv
0x000000000b88b000 	/System/Library/Frameworks/Carbon.framework/Versions/A/Frameworks/HIToolbox.framework/Versions/A/HIToolbox
0x000000000b88b000 	/System/Library/Frameworks/QuartzCore.framework/Versions/A/QuartzCore
0x000000000b88b000 	/System/Library/Frameworks/Carbon.framework/Versions/A/Frameworks/SpeechRecognition.framework/Versions/A/SpeechRecognition
0x000000000b88b000 	/usr/lib/libauto.dylib
0x000000000b88b000 	/usr/lib/libicucore.A.dylib
0x000000000b88b000 	/usr/lib/libxml2.2.dylib
0x000000000b88b000 	/System/Library/PrivateFrameworks/CoreUI.framework/Versions/A/CoreUI
0x000000000b88b000 	/System/Library/Frameworks/CoreAudio.framework/Versions/A/CoreAudio
0x000000000b88b000 	/System/Library/Frameworks/DiskArbitration.framework/Versions/A/DiskArbitration
0x000000000b88b000 	/usr/lib/liblangid.dylib
0x000000000b88b000 	/System/Library/PrivateFrameworks/MultitouchSupport.framework/Versions/A/MultitouchSupport
0x000000000b88b000 	/System/Library/Frameworks/IOKit.framework/Versions/A/IOKit
0x000000000b88b000 	/usr/lib/libDiagnosticMessagesClient.dylib
0x000000000b88b000 	/System/Library/Frameworks/CoreServices.framework/Versions/A/CoreServices
0x000000000b88b000 	/System/Library/PrivateFrameworks/PerformanceAnalysis.framework/Versions/A/PerformanceAnalysis
0x000000000b88b000 	/System/Library/PrivateFrameworks/GenerationalStorage.framework/Versions/A/GenerationalStorage
0x000000000b88b000 	/System/Library/Frameworks/OpenGL.framework/Versions/A/OpenGL
0x000000000b88b000 	/System/Library/PrivateFrameworks/Sharing.framework/Versions/A/Sharing
0x000000000b88b000 	/System/Library/Frameworks/ImageIO.framework/Versions/A/ImageIO
0x000000000b88b000 	/System/Library/Frameworks/CoreText.framework/Versions/A/CoreText
0x000000000b88b000 	/System/Library/Frameworks/CoreGraphics.framework/Versions/A/CoreGraphics
0x000000000b88b000 	/System/Library/PrivateFrameworks/Backup.framework/Versions/A/Backup
0x000000000b88b000 	/System/Library/Frameworks/CFNetwork.framework/Versions/A/CFNetwork
0x000000000b88b000 	/System/Library/Frameworks/SystemConfiguration.framework/Versions/A/SystemConfiguration
0x000000000b88b000 	/usr/lib/libCRFSuite.dylib
0x000000000b88b000 	/usr/lib/libc++.1.dylib
0x000000000b88b000 	/usr/lib/libc++abi.dylib
0x000000000b88b000 	/usr/lib/system/libcache.dylib
0x000000000b88b000 	/usr/lib/system/libcommonCrypto.dylib
0x000000000b88b000 	/usr/lib/system/libcompiler_rt.dylib
0x000000000b88b000 	/usr/lib/system/libcopyfile.dylib
0x000000000b88b000 	/usr/lib/system/libcorecrypto.dylib
0x000000000b88b000 	/usr/lib/system/libdispatch.dylib
0x000000000b88b000 	/usr/lib/system/libdyld.dylib
0x000000000b88b000 	/usr/lib/system/libkeymgr.dylib
0x000000000b88b000 	/usr/lib/system/liblaunch.dylib
0x000000000b88b000 	/usr/lib/system/libmacho.dylib
0x000000000b88b000 	/usr/lib/system/libquarantine.dylib
0x000000000b88b000 	/usr/lib/system/libremovefile.dylib
0x000000000b88b000 	/usr/lib/system/libsystem_asl.dylib
0x000000000b88b000 	/usr/lib/system/libsystem_blocks.dylib
0x000000000b88b000 	/usr/lib/system/libsystem_c.dylib
0x000000000b88b000 	/usr/lib/system/libsystem_configuration.dylib
0x000000000b88b000 	/usr/lib/system/libsystem_dnssd.dylib
0x000000000b88b000 	/usr/lib/system/libsystem_info.dylib
0x000000000b88b000 	/usr/lib/system/libsystem_kernel.dylib
0x000000000b88b000 	/usr/lib/system/libsystem_m.dylib
0x000000000b88b000 	/usr/lib/system/libsystem_malloc.dylib
0x000000000b88b000 	/usr/lib/system/libsystem_network.dylib
0x000000000b88b000 	/usr/lib/system/libsystem_notify.dylib
0x000000000b88b000 	/usr/lib/system/libsystem_platform.dylib
0x000000000b88b000 	/usr/lib/system/libsystem_pthread.dylib
0x000000000b88b000 	/usr/lib/system/libsystem_sandbox.dylib
0x000000000b88b000 	/usr/lib/system/libsystem_stats.dylib
0x000000000b88b000 	/usr/lib/system/libunc.dylib
0x000000000b88b000 	/usr/lib/system/libunwind.dylib
0x000000000b88b000 	/usr/lib/system/libxpc.dylib
0x000000000b88b000 	/usr/lib/libbsm.0.dylib
0x000000000b88b000 	/usr/lib/libsqlite3.dylib
0x000000000b88b000 	/usr/lib/libxar.1.dylib
0x000000000b88b000 	/usr/lib/libpam.2.dylib
0x000000000b88b000 	/usr/lib/libOpenScriptingUtil.dylib
0x000000000b88b000 	/usr/lib/libbz2.1.0.dylib
0x000000000b88b000 	/System/Library/Frameworks/CoreServices.framework/Versions/A/Frameworks/CarbonCore.framework/Versions/A/CarbonCore
0x000000000b88b000 	/System/Library/Frameworks/CoreServices.framework/Versions/A/Frameworks/Metadata.framework/Versions/A/Metadata
0x000000000b88b000 	/System/Library/Frameworks/CoreServices.framework/Versions/A/Frameworks/OSServices.framework/Versions/A/OSServices
0x000000000b88b000 	/System/Library/Frameworks/CoreServices.framework/Versions/A/Frameworks/SearchKit.framework/Versions/A/SearchKit
0x000000000b88b000 	/System/Library/Frameworks/CoreServices.framework/Versions/A/Frameworks/AE.framework/Versions/A/AE
0x000000000b88b000 	/System/Library/Frameworks/CoreServices.framework/Versions/A/Frameworks/LaunchServices.framework/Versions/A/LaunchServices
0x000000000b88b000 	/System/Library/Frameworks/CoreServices.framework/Versions/A/Frameworks/DictionaryServices.framework/Versions/A/DictionaryServices
0x000000000b88b000 	/System/Library/Frameworks/NetFS.framework/Versions/A/NetFS
0x000000000b88b000 	/usr/lib/system/libkxld.dylib
0x000000000b88b000 	/System/Library/PrivateFrameworks/NetAuth.framework/Versions/A/NetAuth
0x000000000b88b000 	/System/Library/PrivateFrameworks/TCC.framework/Versions/A/TCC
0x000000000b88b000 	/System/Library/Frameworks/OpenDirectory.framework/Versions/A/Frameworks/CFOpenDirectory.framework/Versions/A/CFOpenDirectory
0x000000000b88b000 	/System/Library/Frameworks/ServiceManagement.framework/Versions/A/ServiceManagement
0x000000000b88b000 	/usr/lib/libxslt.1.dylib
0x000000000b88b000 	/System/Library/Frameworks/Carbon.framework/Versions/A/Frameworks/Ink.framework/Versions/A/Ink
0x000000000b88b000 	/System/Library/Frameworks/ApplicationServices.framework/Versions/A/Frameworks/ATS.framework/Versions/A/ATS
0x000000000b88b000 	/System/Library/Frameworks/ApplicationServices.framework/Versions/A/Frameworks/ColorSync.framework/Versions/A/ColorSync
0x000000000b88b000 	/System/Library/Frameworks/ApplicationServices.framework/Versions/A/Frameworks/HIServices.framework/Versions/A/HIServices
0x000000000b88b000 	/System/Library/Frameworks/ApplicationServices.framework/Versions/A/Frameworks/LangAnalysis.framework/Versions/A/LangAnalysis
0x000000000b88b000 	/System/Library/Frameworks/ApplicationServices.framework/Versions/A/Frameworks/PrintCore.framework/Versions/A/PrintCore
0x000000000b88b000 	/System/Library/Frameworks/ApplicationServices.framework/Versions/A/Frameworks/QD.framework/Versions/A/QD
0x000000000b88b000 	/System/Library/Frameworks/ApplicationServices.framework/Versions/A/Frameworks/SpeechSynthesis.framework/Versions/A/SpeechSynthesis
0x000000000b88b000 	/System/Library/Frameworks/IOSurface.framework/Versions/A/IOSurface
0x000000000b88b000 	/System/Library/Frameworks/Accelerate.framework/Versions/A/Accelerate
0x000000000b88b000 	/System/Library/Frameworks/Accelerate.framework/Versions/A/Frameworks/vImage.framework/Versions/A/vImage
0x000000000b88b000 	/System/Library/Frameworks/Accelerate.framework/Versions/A/Frameworks/vecLib.framework/Versions/A/vecLib
0x000000000b88b000 	/System/Library/Frameworks/Accelerate.framework/Versions/A/Frameworks/vecLib.framework/Versions/A/libvDSP.dylib
0x000000000b88b000 	/System/Library/Frameworks/Accelerate.framework/Versions/A/Frameworks/vecLib.framework/Versions/A/libvMisc.dylib
0x000000000b88b000 	/System/Library/Frameworks/Accelerate.framework/Versions/A/Frameworks/vecLib.framework/Versions/A/libLAPACK.dylib
0x000000000b88b000 	/System/Library/Frameworks/Accelerate.framework/Versions/A/Frameworks/vecLib.framework/Versions/A/libBLAS.dylib
0x000000000b88b000 	/System/Library/Frameworks/ApplicationServices.framework/Versions/A/Frameworks/ATS.framework/Versions/A/Resources/libFontParser.dylib
0x000000000b88b000 	/System/Library/Frameworks/ApplicationServices.framework/Versions/A/Frameworks/ATS.framework/Versions/A/Resources/libFontRegistry.dylib
0x000000000b88b000 	/System/Library/Frameworks/ImageIO.framework/Versions/A/Resources/libJPEG.dylib
0x000000000b88b000 	/System/Library/Frameworks/ImageIO.framework/Versions/A/Resources/libTIFF.dylib
0x000000000b88b000 	/System/Library/Frameworks/ImageIO.framework/Versions/A/Resources/libPng.dylib
0x000000000b88b000 	/System/Library/Frameworks/ImageIO.framework/Versions/A/Resources/libGIF.dylib
0x000000000b88b000 	/System/Library/Frameworks/ImageIO.framework/Versions/A/Resources/libJP2.dylib
0x000000000b88b000 	/System/Library/Frameworks/ImageIO.framework/Versions/A/Resources/libRadiance.dylib
0x000000000b88b000 	/usr/lib/libcups.2.dylib
0x000000000b88b000 	/System/Library/Frameworks/Kerberos.framework/Versions/A/Kerberos
0x000000000b88b000 	/System/Library/Frameworks/GSS.framework/Versions/A/GSS
0x000000000b88b000 	/usr/lib/libresolv.9.dylib
0x000000000b88b000 	/usr/lib/libiconv.2.dylib
0x000000000b88b000 	/System/Library/PrivateFrameworks/Heimdal.framework/Versions/A/Heimdal
0x000000000b88b000 	/System/Library/PrivateFrameworks/TrustEvaluationAgent.framework/Versions/A/TrustEvaluationAgent
0x000000000b88b000 	/usr/lib/libheimdal-asn1.dylib
0x000000000b88b000 	/System/Library/Frameworks/OpenDirectory.framework/Versions/A/OpenDirectory
0x000000000b88b000 	/System/Library/PrivateFrameworks/CommonAuth.framework/Versions/A/CommonAuth
0x000000000b88b000 	/System/Library/Frameworks/SecurityFoundation.framework/Versions/A/SecurityFoundation
0x000000000b88b000 	/System/Library/PrivateFrameworks/Bom.framework/Versions/A/Bom
0x000000000b88b000 	/System/Library/Frameworks/CoreVideo.framework/Versions/A/CoreVideo
0x000000000b88b000 	/System/Library/Frameworks/QuartzCore.framework/Versions/A/Frameworks/CoreImage.framework/Versions/A/CoreImage
0x000000000b88b000 	/System/Library/Frameworks/QuartzCore.framework/Versions/A/Frameworks/ScalableUserInterface.framework/Versions/A/ScalableUserInterface
0x000000000b88b000 	/System/Library/Frameworks/OpenGL.framework/Versions/A/Libraries/libGLU.dylib
0x000000000b88b000 	/System/Library/Frameworks/OpenGL.framework/Versions/A/Libraries/libGFXShared.dylib
0x000000000b88b000 	/System/Library/Frameworks/OpenGL.framework/Versions/A/Libraries/libGL.dylib
0x000000000b88b000 	/System/Library/Frameworks/OpenGL.framework/Versions/A/Libraries/libGLImage.dylib
0x000000000b88b000 	/System/Library/Frameworks/OpenGL.framework/Versions/A/Libraries/libCVMSPluginSupport.dylib
0x000000000b88b000 	/System/Library/Frameworks/OpenGL.framework/Versions/A/Libraries/libCoreVMClient.dylib
0x000000000b88b000 	/System/Library/PrivateFrameworks/FaceCore.framework/Versions/A/FaceCore
0x000000000b88b000 	/System/Library/PrivateFrameworks/CrashReporterSupport.framework/Versions/A/CrashReporterSupport
0x000000000b88b000 	/System/Library/Frameworks/OpenCL.framework/Versions/A/OpenCL
0x000000000b88b000 	/System/Library/PrivateFrameworks/AppleFSCompression.framework/Versions/A/AppleFSCompression
0x000000000b88b000 	/System/Library/PrivateFrameworks/Ubiquity.framework/Versions/A/Ubiquity
0x000000000b88b000 	/System/Library/PrivateFrameworks/IconServices.framework/Versions/A/IconServices
0x000000000b88b000 	/System/Library/PrivateFrameworks/ChunkingLibrary.framework/Versions/A/ChunkingLibrary
0x000000000b88b000 	/System/Library/PrivateFrameworks/CoreSymbolication.framework/Versions/A/CoreSymbolication
0x000000000b88b000 	/System/Library/PrivateFrameworks/Symbolication.framework/Versions/A/Symbolication
0x000000000b88b000 	/System/Library/PrivateFrameworks/DebugSymbols.framework/Versions/A/DebugSymbols
0x0000000109800000 	/Library/Java/JavaVirtualMachines/jdk1.8.0.jdk/Contents/Home/jre/lib/server/libjvm.dylib
0x000000000b88b000 	/usr/lib/libstdc++.6.dylib
0x0000000108fa3000 	/Library/Java/JavaVirtualMachines/jdk1.8.0.jdk/Contents/Home/jre/lib/libverify.dylib
0x0000000108fb1000 	/Library/Java/JavaVirtualMachines/jdk1.8.0.jdk/Contents/Home/jre/lib/libjava.dylib
0x0000000108fef000 	/Library/Java/JavaVirtualMachines/jdk1.8.0.jdk/Contents/Home/jre/lib/libzip.dylib
0x000000011e2cc000 	/System/Library/Frameworks/JavaVM.framework/Frameworks/JavaRuntimeSupport.framework/JavaRuntimeSupport
0x000000011e2e4000 	/System/Library/Frameworks/JavaVM.framework/Versions/A/Frameworks/JavaNativeFoundation.framework/Versions/A/JavaNativeFoundation
0x000000011e2f9000 	/System/Library/Frameworks/JavaVM.framework/Versions/A/JavaVM
0x000000000b88b000 	/System/Library/Frameworks/Carbon.framework/Versions/A/Carbon
0x000000011e306000 	/System/Library/PrivateFrameworks/JavaLaunching.framework/Versions/A/JavaLaunching
0x000000000b88b000 	/System/Library/Frameworks/Carbon.framework/Versions/A/Frameworks/CommonPanels.framework/Versions/A/CommonPanels
0x000000000b88b000 	/System/Library/Frameworks/Carbon.framework/Versions/A/Frameworks/Help.framework/Versions/A/Help
0x000000000b88b000 	/System/Library/Frameworks/Carbon.framework/Versions/A/Frameworks/ImageCapture.framework/Versions/A/ImageCapture
0x000000000b88b000 	/System/Library/Frameworks/Carbon.framework/Versions/A/Frameworks/OpenScripting.framework/Versions/A/OpenScripting
0x000000000b88b000 	/System/Library/Frameworks/Carbon.framework/Versions/A/Frameworks/Print.framework/Versions/A/Print
0x000000000b88b000 	/System/Library/Frameworks/Carbon.framework/Versions/A/Frameworks/SecurityHI.framework/Versions/A/SecurityHI
0x000000011ebcd000 	/private/var/folders/6y/fq0clws160lbkzr0sn7r48pc0000gn/T/libgdxgabemac/e4139f10/libgdx64.dylib
0x000000011ec0b000 	/Library/Java/JavaVirtualMachines/jdk1.8.0.jdk/Contents/Home/jre/lib/libawt.dylib
0x000000011ecba000 	/Library/Java/JavaVirtualMachines/jdk1.8.0.jdk/Contents/Home/jre/lib/./libmlib_image.dylib
0x000000011e312000 	/Library/Java/JavaVirtualMachines/jdk1.8.0.jdk/Contents/Home/jre/lib/libawt_lwawt.dylib
0x000000011e3c4000 	/Library/Java/JavaVirtualMachines/jdk1.8.0.jdk/Contents/Home/jre/lib/./libosxapp.dylib
0x000000000b88b000 	/System/Library/Frameworks/ExceptionHandling.framework/Versions/A/ExceptionHandling
0x000000000b88b000 	/System/Library/PrivateFrameworks/CoreServicesInternal.framework/Versions/A/CoreServicesInternal
0x000000000b88b000 	/System/Library/PrivateFrameworks/Librarian.framework/Versions/A/Librarian
0x000000000b88b000 	/System/Library/Frameworks/CoreGraphics.framework/Versions/A/Resources/libCGCMS.A.dylib
0x000000000b88b000 	/System/Library/Frameworks/CoreGraphics.framework/Versions/A/Resources/libRIP.A.dylib
0x000000000b88b000 	/System/Library/Frameworks/CoreGraphics.framework/Versions/A/Resources/libCGXType.A.dylib
0x000000000b88b000 	/System/Library/PrivateFrameworks/FamilyControls.framework/Versions/A/FamilyControls
0x000000000b88b000 	/System/Library/PrivateFrameworks/CommerceKit.framework/Versions/A/Frameworks/CommerceCore.framework/Versions/A/CommerceCore
0x000000000b88b000 	/System/Library/PrivateFrameworks/SystemAdministration.framework/Versions/A/SystemAdministration
0x000000000b88b000 	/System/Library/Frameworks/DirectoryService.framework/Versions/A/DirectoryService
0x000000000b88b000 	/System/Library/PrivateFrameworks/DiskImages.framework/Versions/A/DiskImages
0x000000000b88b000 	/System/Library/PrivateFrameworks/LoginUIKit.framework/Versions/A/Frameworks/LoginUICore.framework/Versions/A/LoginUICore
0x000000000b88b000 	/usr/lib/libCoreStorage.dylib
0x000000000b88b000 	/usr/lib/libcsfde.dylib
0x000000000b88b000 	/usr/lib/libodfde.dylib
0x000000000b88b000 	/System/Library/Frameworks/DiscRecording.framework/Versions/A/DiscRecording
0x000000000b88b000 	/usr/lib/libcurl.4.dylib
0x000000000b88b000 	/System/Library/PrivateFrameworks/MediaKit.framework/Versions/A/MediaKit
0x000000000b88b000 	/System/Library/PrivateFrameworks/EFILogin.framework/Versions/A/EFILogin
0x000000000b88b000 	/usr/lib/libutil.dylib
0x000000000b88b000 	/System/Library/PrivateFrameworks/AOSNotification.framework/Versions/A/AOSNotification
0x000000000b88b000 	/System/Library/Frameworks/LDAP.framework/Versions/A/LDAP
0x000000000b88b000 	/usr/lib/libsasl2.2.dylib
0x000000000b88b000 	/usr/lib/libcrypto.0.9.8.dylib
0x000000000b88b000 	/usr/lib/libssl.0.9.8.dylib
0x0000000122e8c000 	/Library/Java/JavaVirtualMachines/jdk1.8.0.jdk/Contents/Home/jre/lib/libfontmanager.dylib
0x0000000122ef2000 	/private/var/folders/6y/fq0clws160lbkzr0sn7r48pc0000gn/T/libgdxgabemac/45614fc1/liblwjgl.dylib
0x0000000120748000 	/Library/Java/JavaVirtualMachines/jdk1.8.0.jdk/Contents/Home/jre/lib/libjawt.dylib
0x0000000122f71000 	/var/folders/6y/fq0clws160lbkzr0sn7r48pc0000gn/T/libgdxgabemac/45614fc1/openal.dylib
0x0000000122fcd000 	/System/Library/Components/CoreAudio.component/Contents/MacOS/CoreAudio
0x0000000120772000 	/System/Library/Extensions/AppleHDA.kext/Contents/PlugIns/AppleHDAHALPlugIn.bundle/Contents/MacOS/AppleHDAHALPlugIn
0x000000000b88b000 	/System/Library/Frameworks/OpenGL.framework/Versions/A/Resources/GLEngine.bundle/GLEngine
0x000000000b88b000 	/System/Library/Frameworks/OpenGL.framework/Versions/A/Libraries/libGLProgrammability.dylib
0x0000000000000000 	/System/Library/Extensions/AppleIntelHD4000GraphicsGLDriver.bundle/Contents/MacOS/AppleIntelHD4000GraphicsGLDriver
0x000000000b88b000 	/System/Library/PrivateFrameworks/IOAccelerator.framework/Versions/A/IOAccelerator
0x000000000b88b000 	/System/Library/PrivateFrameworks/GPUSupport.framework/Versions/A/Libraries/libGPUSupportMercury.dylib
0x000000000b88b000 	/System/Library/Frameworks/OpenGL.framework/Versions/A/Resources/GLRendererFloat.bundle/GLRendererFloat
0x000000000b88b000 	/System/Library/Frameworks/OpenCL.framework/Versions/A/Libraries/libcldcpuengine.dylib
0x00000001205de000 	cl_kernels
0x0000000123d21000 	/System/Library/Frameworks/OpenCL.framework/Versions/A/Libraries/ImageFormats/unorm8_bgra.dylib
0x00000001205e4000 	cl_kernels

VM Arguments:
jvm_args: -Dfile.encoding=UTF-8 
java_command: com.haha.BitRunner.desktop.DesktopLauncher
java_class_path (initial): /Users/gabemac/Desktop/BitRunner/BitRunner/desktop/bin:/Users/gabemac/Desktop/BitRunner/BitRunner/core/bin:/Users/gabemac/.gradle/caches/modules-2/files-2.1/com.badlogicgames.gdx/gdx-box2d/1.1.0/919bff3c5e92062ee3413f86076c089bd810b5b3/gdx-box2d-1.1.0.jar:/Users/gabemac/.gradle/caches/modules-2/files-2.1/com.badlogicgames.gdx/gdx/1.1.0/686f5a609c717eb0769d3b954c501a49bf4fe351/gdx-1.1.0.jar:/Users/gabemac/Desktop/BitRunner/BitRunner/core/build/libs/android.jar:/Users/gabemac/.gradle/caches/modules-2/files-2.1/com.badlogicgames.gdx/gdx-backend-lwjgl/1.1.0/eafa409559820c1696e165e1280435f1332fc32b/gdx-backend-lwjgl-1.1.0.jar:/Users/gabemac/.gradle/caches/modules-2/files-2.1/com.badlogicgames.gdx/gdx-box2d-platform/1.1.0/9eff8773cc82bc5007610cd9be665e4fc2b2a7e6/gdx-box2d-platform-1.1.0-natives-desktop.jar:/Users/gabemac/.gradle/caches/modules-2/files-2.1/com.badlogicgames.gdx/gdx-platform/1.1.0/1c7ea4239c2d9adda420c15985fe3885c481fdcf/gdx-platform-1.1.0-natives-desktop.jar:/Users/gabemac/.gradle/caches/modules-2/files-2.1/com.badlogicgames.jlayer/jlayer/1.0.1-gdx/7cca83cec5c1b2f011362f4d85aabd71a73b049d/jlayer-1.0.1-gdx.jar:/Users/gabemac/.gradle/caches/modules-2/files-2.1/net.java.jinput/jinput-platform/2.0.5/385ee093e01f587f30ee1c8a2ee7d408fd732e16/jinput-platform-2.0.5-natives-windows.jar:/Users/gabemac/.gradle/caches/modules-2/files-2.1/net.java.jinput/jinput-platform/2.0.5/53f9c919f34d2ca9de8c51fc4e1e8282029a9232/jinput-platform-2.0.5-natives-osx.jar:/Users/gabemac/.gradle/caches/modules-2/files-2.1/net.java.jinput/jinput-platform/2.0.5/7ff832a6eb9ab6a767f1ade2b548092d0fa64795/jinput-platform-2.0.5-natives-linux.jar:/Users/gabemac/.gradle/caches/modules-2/files-2.1/net.java.jinput/jinput/2.0.5/39c7796b469a600f72380316f6b1f11db6c2c7c4/jinput-2.0.5.jar:/Users/gabemac/.gradle/caches/modules-2/files-2.1/net.java.jutils/jutils/1.0.0/e12fe1fda814bd348c1579329c86943d2cd3c6a6/jutils-1.0.0.jar:/Users/gabemac/.gradle/caches/modules-2/files-2.1/org
Launcher Type: SUN_STANDARD

Environment Variables:
PATH=/usr/bin:/bin:/usr/sbin:/sbin
SHELL=/bin/bash
DISPLAY=/tmp/launch-oMrQFq/org.macosforge.xquartz:0

Signal Handlers:
SIGSEGV: [libjvm.dylib+0x55faef], sa_mask[0]=0xfffefeff, sa_flags=0x00000043
SIGBUS: [libjvm.dylib+0x55faef], sa_mask[0]=0xfffefeff, sa_flags=0x00000042
SIGFPE: [libjvm.dylib+0x44305a], sa_mask[0]=0xfffefeff, sa_flags=0x00000042
SIGPIPE: [libjvm.dylib+0x44305a], sa_mask[0]=0xfffefeff, sa_flags=0x00000042
SIGXFSZ: [libjvm.dylib+0x44305a], sa_mask[0]=0xfffefeff, sa_flags=0x00000042
SIGILL: [libjvm.dylib+0x44305a], sa_mask[0]=0xfffefeff, sa_flags=0x00000042
SIGUSR1: SIG_DFL, sa_mask[0]=0x00000000, sa_flags=0x00000002
SIGUSR2: [libjvm.dylib+0x442b78], sa_mask[0]=0x00000004, sa_flags=0x00000042
SIGHUP: [libjvm.dylib+0x440f05], sa_mask[0]=0xfffefeff, sa_flags=0x00000042
SIGINT: [libjvm.dylib+0x440f05], sa_mask[0]=0xfffefeff, sa_flags=0x00000042
SIGTERM: [libjvm.dylib+0x440f05], sa_mask[0]=0xfffefeff, sa_flags=0x00000042
SIGQUIT: [libjvm.dylib+0x440f05], sa_mask[0]=0xfffefeff, sa_flags=0x00000042


---------------  S Y S T E M  ---------------

OS:Bsduname:Darwin 13.1.0 Darwin Kernel Version 13.1.0: Thu Jan 16 19:40:37 PST 2014; root:xnu-2422.90.20~2/RELEASE_X86_64 x86_64
rlimit: STACK 8192k, CORE 0k, NPROC 709, NOFILE 10240, AS infinity
load average:1.55 1.66 2.38

CPU:total 4 (2 cores per cpu, 2 threads per core) family 6 model 58 stepping 9, cmov, cx8, fxsr, mmx, sse, sse2, sse3, ssse3, sse4.1, sse4.2, popcnt, avx, aes, clmul, erms, ht, tsc, tscinvbit

Memory: 4k page, physical 4194304k(14896k free)

/proc/meminfo:


vm_info: Java HotSpot(TM) 64-Bit Server VM (25.0-b70) for bsd-amd64 JRE (1.8.0-b132), built on Mar  4 2014 03:11:43 by "java_re" with gcc 4.2.1 (Based on Apple Inc. build 5658) (LLVM build 2336.11.00)

time: Tue Aug  4 15:25:25 2015
elapsed time: 18 seconds

